{"meta": {"format": 3, "version": "7.13.4", "timestamp": "2026-05-01T15:36:05.915592", "branch_coverage": false, "show_contexts": false}, "files": {"src/__init__.py": {"executed_lines": [3, 4, 5], "summary": {"covered_lines": 3, "num_statements": 3, "percent_covered": 100.0, "percent_covered_display": "100", "missing_lines": 0, "excluded_lines": 0, "percent_statements_covered": 100.0, "percent_statements_covered_display": "100"}, "missing_lines": [], "excluded_lines": [], "functions": {"": {"executed_lines": [3, 4, 5], "summary": {"covered_lines": 3, "num_statements": 3, "percent_covered": 100.0, "percent_covered_display": "100", "missing_lines": 0, "excluded_lines": 0, "percent_statements_covered": 100.0, "percent_statements_covered_display": "100"}, "missing_lines": [], "excluded_lines": [], "start_line": 1}}, "classes": {"": {"executed_lines": [3, 4, 5], "summary": {"covered_lines": 3, "num_statements": 3, "percent_covered": 100.0, "percent_covered_display": "100", "missing_lines": 0, "excluded_lines": 0, "percent_statements_covered": 100.0, "percent_statements_covered_display": "100"}, "missing_lines": [], "excluded_lines": [], "start_line": 1}}}, "src/cli.py": {"executed_lines": [3, 4, 5, 7, 9, 10, 11, 12, 13, 16, 18, 21, 23, 26, 28, 29, 30, 31, 32, 33, 36, 38, 44, 46, 48, 52, 54, 140, 146, 154, 162, 165, 166, 169, 173, 181, 189, 192, 193, 202, 203, 210, 211, 212, 215, 221, 222, 223, 229, 230, 231, 237, 249, 250, 256, 262, 267, 273, 274, 277, 278, 283, 284, 285, 286, 287, 293, 299, 300, 306, 317, 318, 321, 322, 328, 331, 335, 340, 341, 347, 353, 354, 360, 366, 367, 369, 372, 374, 376, 377, 378, 381, 382, 383, 386, 387, 401, 402, 415, 416, 417, 418, 419, 420, 421, 422, 423, 424, 426, 428, 429, 430, 433], "summary": {"covered_lines": 113, "num_statements": 114, "percent_covered": 99.12280701754386, "percent_covered_display": "99", "missing_lines": 1, "excluded_lines": 0, "percent_statements_covered": 99.12280701754386, "percent_statements_covered_display": "99"}, "missing_lines": [434], "excluded_lines": [], "functions": {"setup_logging": {"executed_lines": [23], "summary": {"covered_lines": 1, "num_statements": 1, "percent_covered": 100.0, "percent_covered_display": "100", "missing_lines": 0, "excluded_lines": 0, "percent_statements_covered": 100.0, "percent_statements_covered_display": "100"}, "missing_lines": [], "excluded_lines": [], "start_line": 21}, "_add_common_flags": {"executed_lines": [28, 29, 30, 31, 32, 33], "summary": {"covered_lines": 6, "num_statements": 6, "percent_covered": 100.0, "percent_covered_display": "100", "missing_lines": 0, "excluded_lines": 0, "percent_statements_covered": 100.0, "percent_statements_covered_display": "100"}, "missing_lines": [], "excluded_lines": [], "start_line": 26}, "_add_notes_flags": {"executed_lines": [38, 44, 46, 48], "summary": {"covered_lines": 4, "num_statements": 4, "percent_covered": 100.0, "percent_covered_display": "100", "missing_lines": 0, "excluded_lines": 0, "percent_statements_covered": 100.0, "percent_statements_covered_display": "100"}, "missing_lines": [], "excluded_lines": [], "start_line": 36}, "create_argument_parser": {"executed_lines": [54, 140, 146, 154, 162, 165, 166, 169, 173, 181, 189, 192, 193, 202, 203, 210, 211, 212, 215, 221, 222, 223, 229, 230, 231, 237, 249, 250, 256, 262, 267, 273, 274, 277, 278, 283, 284, 285, 286, 287, 293, 299, 300, 306, 317, 318, 321, 322, 328, 331, 335, 340, 341, 347, 353, 354, 360, 366, 367, 369], "summary": {"covered_lines": 60, "num_statements": 60, "percent_covered": 100.0, "percent_covered_display": "100", "missing_lines": 0, "excluded_lines": 0, "percent_statements_covered": 100.0, "percent_statements_covered_display": "100"}, "missing_lines": [], "excluded_lines": [], "start_line": 52}, "main": {"executed_lines": [374, 376, 377, 378, 381, 382, 383, 386, 387, 401, 402, 415, 416, 417, 418, 419, 420, 421, 422, 423, 424, 426, 428, 429, 430], "summary": {"covered_lines": 25, "num_statements": 25, "percent_covered": 100.0, "percent_covered_display": "100", "missing_lines": 0, "excluded_lines": 0, "percent_statements_covered": 100.0, "percent_statements_covered_display": "100"}, "missing_lines": [], "excluded_lines": [], "start_line": 372}, "": {"executed_lines": [3, 4, 5, 7, 9, 10, 11, 12, 13, 16, 18, 21, 26, 36, 52, 372, 433], "summary": {"covered_lines": 17, "num_statements": 18, "percent_covered": 94.44444444444444, "percent_covered_display": "94", "missing_lines": 1, "excluded_lines": 0, "percent_statements_covered": 94.44444444444444, "percent_statements_covered_display": "94"}, "missing_lines": [434], "excluded_lines": [], "start_line": 1}}, "classes": {"": {"executed_lines": [3, 4, 5, 7, 9, 10, 11, 12, 13, 16, 18, 21, 23, 26, 28, 29, 30, 31, 32, 33, 36, 38, 44, 46, 48, 52, 54, 140, 146, 154, 162, 165, 166, 169, 173, 181, 189, 192, 193, 202, 203, 210, 211, 212, 215, 221, 222, 223, 229, 230, 231, 237, 249, 250, 256, 262, 267, 273, 274, 277, 278, 283, 284, 285, 286, 287, 293, 299, 300, 306, 317, 318, 321, 322, 328, 331, 335, 340, 341, 347, 353, 354, 360, 366, 367, 369, 372, 374, 376, 377, 378, 381, 382, 383, 386, 387, 401, 402, 415, 416, 417, 418, 419, 420, 421, 422, 423, 424, 426, 428, 429, 430, 433], "summary": {"covered_lines": 113, "num_statements": 114, "percent_covered": 99.12280701754386, "percent_covered_display": "99", "missing_lines": 1, "excluded_lines": 0, "percent_statements_covered": 99.12280701754386, "percent_statements_covered_display": "99"}, "missing_lines": [434], "excluded_lines": [], "start_line": 1}}}, "src/config.py": {"executed_lines": [3, 4, 5, 6, 9, 19, 21, 22, 23, 24, 27, 29, 30, 34, 37, 39, 42, 44, 45, 46, 49, 52, 54, 56, 57, 58, 59, 60, 62, 63, 64, 66, 67, 68, 69, 70, 71, 73, 75, 80, 83, 85, 87, 88, 89, 90, 91, 92, 94, 95, 96, 104, 107, 109, 111, 112, 114, 115, 116, 117, 118, 120, 121, 122, 124, 125, 131, 135, 137, 138, 139, 141, 142, 143, 144, 146], "summary": {"covered_lines": 76, "num_statements": 76, "percent_covered": 100.0, "percent_covered_display": "100", "missing_lines": 0, "excluded_lines": 0, "percent_statements_covered": 100.0, "percent_statements_covered_display": "100"}, "missing_lines": [], "excluded_lines": [], "functions": {"make_safe_filename": {"executed_lines": [21, 22, 23, 24], "summary": {"covered_lines": 4, "num_statements": 4, "percent_covered": 100.0, "percent_covered_display": "100", "missing_lines": 0, "excluded_lines": 0, "percent_statements_covered": 100.0, "percent_statements_covered_display": "100"}, "missing_lines": [], "excluded_lines": [], "start_line": 19}, "validate_page_nums": {"executed_lines": [29, 30, 34], "summary": {"covered_lines": 3, "num_statements": 3, "percent_covered": 100.0, "percent_covered_display": "100", "missing_lines": 0, "excluded_lines": 0, "percent_statements_covered": 100.0, "percent_statements_covered_display": "100"}, "missing_lines": [], "excluded_lines": [], "start_line": 27}, "_language_keys_str": {"executed_lines": [39], "summary": {"covered_lines": 1, "num_statements": 1, "percent_covered": 100.0, "percent_covered_display": "100", "missing_lines": 0, "excluded_lines": 0, "percent_statements_covered": 100.0, "percent_statements_covered_display": "100"}, "missing_lines": [], "excluded_lines": [], "start_line": 37}, "parse_single_language_code": {"executed_lines": [44, 45, 46, 49], "summary": {"covered_lines": 4, "num_statements": 4, "percent_covered": 100.0, "percent_covered_display": "100", "missing_lines": 0, "excluded_lines": 0, "percent_statements_covered": 100.0, "percent_statements_covered_display": "100"}, "missing_lines": [], "excluded_lines": [], "start_line": 42}, "parse_language_code": {"executed_lines": [54, 56, 57, 58, 59, 60, 62, 63, 64, 66, 67, 68, 69, 70, 71, 73, 75], "summary": {"covered_lines": 17, "num_statements": 17, "percent_covered": 100.0, "percent_covered_display": "100", "missing_lines": 0, "excluded_lines": 0, "percent_statements_covered": 100.0, "percent_statements_covered_display": "100"}, "missing_lines": [], "excluded_lines": [], "start_line": 52}, "load_professor_config": {"executed_lines": [85, 87, 88, 89, 90, 91, 92, 94, 95, 96, 104], "summary": {"covered_lines": 11, "num_statements": 11, "percent_covered": 100.0, "percent_covered_display": "100", "missing_lines": 0, "excluded_lines": 0, "percent_statements_covered": 100.0, "percent_statements_covered_display": "100"}, "missing_lines": [], "excluded_lines": [], "start_line": 83}, "get_api_key": {"executed_lines": [109, 111, 112, 114, 115, 116, 117, 118, 120, 121, 122, 124, 125, 131, 135, 137, 138, 139, 141, 142, 143, 144, 146], "summary": {"covered_lines": 23, "num_statements": 23, "percent_covered": 100.0, "percent_covered_display": "100", "missing_lines": 0, "excluded_lines": 0, "percent_statements_covered": 100.0, "percent_statements_covered_display": "100"}, "missing_lines": [], "excluded_lines": [], "start_line": 107}, "": {"executed_lines": [3, 4, 5, 6, 9, 19, 27, 37, 42, 52, 80, 83, 107], "summary": {"covered_lines": 13, "num_statements": 13, "percent_covered": 100.0, "percent_covered_display": "100", "missing_lines": 0, "excluded_lines": 0, "percent_statements_covered": 100.0, "percent_statements_covered_display": "100"}, "missing_lines": [], "excluded_lines": [], "start_line": 1}}, "classes": {"": {"executed_lines": [3, 4, 5, 6, 9, 19, 21, 22, 23, 24, 27, 29, 30, 34, 37, 39, 42, 44, 45, 46, 49, 52, 54, 56, 57, 58, 59, 60, 62, 63, 64, 66, 67, 68, 69, 70, 71, 73, 75, 80, 83, 85, 87, 88, 89, 90, 91, 92, 94, 95, 96, 104, 107, 109, 111, 112, 114, 115, 116, 117, 118, 120, 121, 122, 124, 125, 131, 135, 137, 138, 139, 141, 142, 143, 144, 146], "summary": {"covered_lines": 76, "num_statements": 76, "percent_covered": 100.0, "percent_covered_display": "100", "missing_lines": 0, "excluded_lines": 0, "percent_statements_covered": 100.0, "percent_statements_covered_display": "100"}, "missing_lines": [], "excluded_lines": [], "start_line": 1}}}, "src/console.py": {"executed_lines": [4, 13, 14, 15, 16, 19, 28, 29, 30, 33, 41, 42, 45, 54, 55, 56], "summary": {"covered_lines": 16, "num_statements": 16, "percent_covered": 100.0, "percent_covered_display": "100", "missing_lines": 0, "excluded_lines": 0, "percent_statements_covered": 100.0, "percent_statements_covered_display": "100"}, "missing_lines": [], "excluded_lines": [], "functions": {"print_section": {"executed_lines": [13, 14, 15, 16], "summary": {"covered_lines": 4, "num_statements": 4, "percent_covered": 100.0, "percent_covered_display": "100", "missing_lines": 0, "excluded_lines": 0, "percent_statements_covered": 100.0, "percent_statements_covered_display": "100"}, "missing_lines": [], "excluded_lines": [], "start_line": 4}, "print_banner": {"executed_lines": [28, 29, 30], "summary": {"covered_lines": 3, "num_statements": 3, "percent_covered": 100.0, "percent_covered_display": "100", "missing_lines": 0, "excluded_lines": 0, "percent_statements_covered": 100.0, "percent_statements_covered_display": "100"}, "missing_lines": [], "excluded_lines": [], "start_line": 19}, "print_subsection": {"executed_lines": [41, 42], "summary": {"covered_lines": 2, "num_statements": 2, "percent_covered": 100.0, "percent_covered_display": "100", "missing_lines": 0, "excluded_lines": 0, "percent_statements_covered": 100.0, "percent_statements_covered_display": "100"}, "missing_lines": [], "excluded_lines": [], "start_line": 33}, "print_pass_result": {"executed_lines": [54, 55, 56], "summary": {"covered_lines": 3, "num_statements": 3, "percent_covered": 100.0, "percent_covered_display": "100", "missing_lines": 0, "excluded_lines": 0, "percent_statements_covered": 100.0, "percent_statements_covered_display": "100"}, "missing_lines": [], "excluded_lines": [], "start_line": 45}, "": {"executed_lines": [4, 19, 33, 45], "summary": {"covered_lines": 4, "num_statements": 4, "percent_covered": 100.0, "percent_covered_display": "100", "missing_lines": 0, "excluded_lines": 0, "percent_statements_covered": 100.0, "percent_statements_covered_display": "100"}, "missing_lines": [], "excluded_lines": [], "start_line": 1}}, "classes": {"": {"executed_lines": [4, 13, 14, 15, 16, 19, 28, 29, 30, 33, 41, 42, 45, 54, 55, 56], "summary": {"covered_lines": 16, "num_statements": 16, "percent_covered": 100.0, "percent_covered_display": "100", "missing_lines": 0, "excluded_lines": 0, "percent_statements_covered": 100.0, "percent_statements_covered_display": "100"}, "missing_lines": [], "excluded_lines": [], "start_line": 1}}}, "src/errors.py": {"executed_lines": [4], "summary": {"covered_lines": 1, "num_statements": 1, "percent_covered": 100.0, "percent_covered_display": "100", "missing_lines": 0, "excluded_lines": 0, "percent_statements_covered": 100.0, "percent_statements_covered_display": "100"}, "missing_lines": [], "excluded_lines": [], "functions": {"": {"executed_lines": [4], "summary": {"covered_lines": 1, "num_statements": 1, "percent_covered": 100.0, "percent_covered_display": "100", "missing_lines": 0, "excluded_lines": 0, "percent_statements_covered": 100.0, "percent_statements_covered_display": "100"}, "missing_lines": [], "excluded_lines": [], "start_line": 1}}, "classes": {"CLIError": {"executed_lines": [], "summary": {"covered_lines": 0, "num_statements": 0, "percent_covered": 100.0, "percent_covered_display": "100", "missing_lines": 0, "excluded_lines": 0, "percent_statements_covered": 100.0, "percent_statements_covered_display": "100"}, "missing_lines": [], "excluded_lines": [], "start_line": 4}, "": {"executed_lines": [4], "summary": {"covered_lines": 1, "num_statements": 1, "percent_covered": 100.0, "percent_covered_display": "100", "missing_lines": 0, "excluded_lines": 0, "percent_statements_covered": 100.0, "percent_statements_covered_display": "100"}, "missing_lines": [], "excluded_lines": [], "start_line": 1}}}, "src/models/__init__.py": {"executed_lines": [7, 8, 9, 29, 30, 35, 37], "summary": {"covered_lines": 7, "num_statements": 7, "percent_covered": 100.0, "percent_covered_display": "100", "missing_lines": 0, "excluded_lines": 0, "percent_statements_covered": 100.0, "percent_statements_covered_display": "100"}, "missing_lines": [], "excluded_lines": [], "functions": {"": {"executed_lines": [7, 8, 9, 29, 30, 35, 37], "summary": {"covered_lines": 7, "num_statements": 7, "percent_covered": 100.0, "percent_covered_display": "100", "missing_lines": 0, "excluded_lines": 0, "percent_statements_covered": 100.0, "percent_statements_covered_display": "100"}, "missing_lines": [], "excluded_lines": [], "start_line": 1}}, "classes": {"": {"executed_lines": [7, 8, 9, 29, 30, 35, 37], "summary": {"covered_lines": 7, "num_statements": 7, "percent_covered": 100.0, "percent_covered_display": "100", "missing_lines": 0, "excluded_lines": 0, "percent_statements_covered": 100.0, "percent_statements_covered_display": "100"}, "missing_lines": [], "excluded_lines": [], "start_line": 1}}}, "src/models/catalog.py": {"executed_lines": [3, 4, 5, 6, 7, 8, 10, 11, 23, 24, 25, 28, 31, 34, 44, 45, 46, 47, 48, 50, 55, 58, 59, 60, 68, 69, 71, 72, 73, 74, 75, 76, 77, 79, 80, 81, 82, 84, 85, 86, 87, 89, 90, 91, 92, 94, 95, 96, 97, 100, 108, 109, 110, 111, 112, 113, 114, 115, 116, 117, 118, 121, 124, 126, 127, 130, 132, 133, 135, 136, 137, 140, 141, 142, 148, 149, 151, 154, 156, 157, 160, 162, 163, 166, 168, 169, 171, 172, 173, 175, 178, 180, 181, 187, 193, 194, 195, 198, 203, 204, 205, 208, 214, 215, 216, 219, 226, 227, 230, 237, 238, 241, 246, 247, 248, 249, 250, 251, 252, 255, 259], "summary": {"covered_lines": 121, "num_statements": 123, "percent_covered": 98.3739837398374, "percent_covered_display": "98", "missing_lines": 2, "excluded_lines": 0, "percent_statements_covered": 98.3739837398374, "percent_statements_covered_display": "98"}, "missing_lines": [119, 120], "excluded_lines": [], "functions": {"get_model_catalog_path": {"executed_lines": [31], "summary": {"covered_lines": 1, "num_statements": 1, "percent_covered": 100.0, "percent_covered_display": "100", "missing_lines": 0, "excluded_lines": 0, "percent_statements_covered": 100.0, "percent_statements_covered_display": "100"}, "missing_lines": [], "excluded_lines": [], "start_line": 28}, "load_model_catalog": {"executed_lines": [44, 45, 46, 47, 48, 50, 55, 58, 59, 60, 68, 69, 71, 72, 73, 74, 75, 76, 77, 79, 80, 81, 82, 84, 85, 86, 87, 89, 90, 91, 92, 94, 95, 96, 97], "summary": {"covered_lines": 35, "num_statements": 35, "percent_covered": 100.0, "percent_covered_display": "100", "missing_lines": 0, "excluded_lines": 0, "percent_statements_covered": 100.0, "percent_statements_covered_display": "100"}, "missing_lines": [], "excluded_lines": [], "start_line": 34}, "save_model_catalog": {"executed_lines": [108, 109, 110, 111, 112, 113, 114, 115, 116, 117, 118, 121], "summary": {"covered_lines": 12, "num_statements": 14, "percent_covered": 85.71428571428571, "percent_covered_display": "86", "missing_lines": 2, "excluded_lines": 0, "percent_statements_covered": 85.71428571428571, "percent_statements_covered_display": "86"}, "missing_lines": [119, 120], "excluded_lines": [], "start_line": 100}, "get_available_models": {"executed_lines": [126, 127], "summary": {"covered_lines": 2, "num_statements": 2, "percent_covered": 100.0, "percent_covered_display": "100", "missing_lines": 0, "excluded_lines": 0, "percent_statements_covered": 100.0, "percent_statements_covered_display": "100"}, "missing_lines": [], "excluded_lines": [], "start_line": 124}, "get_model_pricing": {"executed_lines": [132, 133, 135, 136, 137, 140, 141, 142, 148, 149, 151], "summary": {"covered_lines": 11, "num_statements": 11, "percent_covered": 100.0, "percent_covered_display": "100", "missing_lines": 0, "excluded_lines": 0, "percent_statements_covered": 100.0, "percent_statements_covered_display": "100"}, "missing_lines": [], "excluded_lines": [], "start_line": 130}, "get_pricing_unit": {"executed_lines": [156, 157], "summary": {"covered_lines": 2, "num_statements": 2, "percent_covered": 100.0, "percent_covered_display": "100", "missing_lines": 0, "excluded_lines": 0, "percent_statements_covered": 100.0, "percent_statements_covered_display": "100"}, "missing_lines": [], "excluded_lines": [], "start_line": 154}, "get_monthly_limit": {"executed_lines": [162, 163], "summary": {"covered_lines": 2, "num_statements": 2, "percent_covered": 100.0, "percent_covered_display": "100", "missing_lines": 0, "excluded_lines": 0, "percent_statements_covered": 100.0, "percent_statements_covered_display": "100"}, "missing_lines": [], "excluded_lines": [], "start_line": 160}, "model_supports_vision": {"executed_lines": [168, 169, 171, 172, 173, 175], "summary": {"covered_lines": 6, "num_statements": 6, "percent_covered": 100.0, "percent_covered_display": "100", "missing_lines": 0, "excluded_lines": 0, "percent_statements_covered": 100.0, "percent_statements_covered_display": "100"}, "missing_lines": [], "excluded_lines": [], "start_line": 166}, "get_vision_capable_models": {"executed_lines": [180, 181], "summary": {"covered_lines": 2, "num_statements": 2, "percent_covered": 100.0, "percent_covered_display": "100", "missing_lines": 0, "excluded_lines": 0, "percent_statements_covered": 100.0, "percent_statements_covered_display": "100"}, "missing_lines": [], "excluded_lines": [], "start_line": 178}, "get_model_system_role": {"executed_lines": [193, 194, 195], "summary": {"covered_lines": 3, "num_statements": 3, "percent_covered": 100.0, "percent_covered_display": "100", "missing_lines": 0, "excluded_lines": 0, "percent_statements_covered": 100.0, "percent_statements_covered_display": "100"}, "missing_lines": [], "excluded_lines": [], "start_line": 187}, "model_uses_max_completion_tokens": {"executed_lines": [203, 204, 205], "summary": {"covered_lines": 3, "num_statements": 3, "percent_covered": 100.0, "percent_covered_display": "100", "missing_lines": 0, "excluded_lines": 0, "percent_statements_covered": 100.0, "percent_statements_covered_display": "100"}, "missing_lines": [], "excluded_lines": [], "start_line": 198}, "model_has_fixed_parameters": {"executed_lines": [214, 215, 216], "summary": {"covered_lines": 3, "num_statements": 3, "percent_covered": 100.0, "percent_covered_display": "100", "missing_lines": 0, "excluded_lines": 0, "percent_statements_covered": 100.0, "percent_statements_covered_display": "100"}, "missing_lines": [], "excluded_lines": [], "start_line": 208}, "get_model_max_completion_tokens": {"executed_lines": [226, 227], "summary": {"covered_lines": 2, "num_statements": 2, "percent_covered": 100.0, "percent_covered_display": "100", "missing_lines": 0, "excluded_lines": 0, "percent_statements_covered": 100.0, "percent_statements_covered_display": "100"}, "missing_lines": [], "excluded_lines": [], "start_line": 219}, "get_default_model": {"executed_lines": [237, 238], "summary": {"covered_lines": 2, "num_statements": 2, "percent_covered": 100.0, "percent_covered_display": "100", "missing_lines": 0, "excluded_lines": 0, "percent_statements_covered": 100.0, "percent_statements_covered_display": "100"}, "missing_lines": [], "excluded_lines": [], "start_line": 230}, "remove_model_from_catalog": {"executed_lines": [246, 247, 248, 249, 250, 251, 252], "summary": {"covered_lines": 7, "num_statements": 7, "percent_covered": 100.0, "percent_covered_display": "100", "missing_lines": 0, "excluded_lines": 0, "percent_statements_covered": 100.0, "percent_statements_covered_display": "100"}, "missing_lines": [], "excluded_lines": [], "start_line": 241}, "is_model_access_error": {"executed_lines": [259], "summary": {"covered_lines": 1, "num_statements": 1, "percent_covered": 100.0, "percent_covered_display": "100", "missing_lines": 0, "excluded_lines": 0, "percent_statements_covered": 100.0, "percent_statements_covered_display": "100"}, "missing_lines": [], "excluded_lines": [], "start_line": 255}, "": {"executed_lines": [3, 4, 5, 6, 7, 8, 10, 11, 23, 24, 25, 28, 34, 100, 124, 130, 154, 160, 166, 178, 187, 198, 208, 219, 230, 241, 255], "summary": {"covered_lines": 27, "num_statements": 27, "percent_covered": 100.0, "percent_covered_display": "100", "missing_lines": 0, "excluded_lines": 0, "percent_statements_covered": 100.0, "percent_statements_covered_display": "100"}, "missing_lines": [], "excluded_lines": [], "start_line": 1}}, "classes": {"": {"executed_lines": [3, 4, 5, 6, 7, 8, 10, 11, 23, 24, 25, 28, 31, 34, 44, 45, 46, 47, 48, 50, 55, 58, 59, 60, 68, 69, 71, 72, 73, 74, 75, 76, 77, 79, 80, 81, 82, 84, 85, 86, 87, 89, 90, 91, 92, 94, 95, 96, 97, 100, 108, 109, 110, 111, 112, 113, 114, 115, 116, 117, 118, 121, 124, 126, 127, 130, 132, 133, 135, 136, 137, 140, 141, 142, 148, 149, 151, 154, 156, 157, 160, 162, 163, 166, 168, 169, 171, 172, 173, 175, 178, 180, 181, 187, 193, 194, 195, 198, 203, 204, 205, 208, 214, 215, 216, 219, 226, 227, 230, 237, 238, 241, 246, 247, 248, 249, 250, 251, 252, 255, 259], "summary": {"covered_lines": 121, "num_statements": 123, "percent_covered": 98.3739837398374, "percent_covered_display": "98", "missing_lines": 2, "excluded_lines": 0, "percent_statements_covered": 98.3739837398374, "percent_statements_covered_display": "98"}, "missing_lines": [119, 120], "excluded_lines": [], "start_line": 1}}}, "src/models/doc_block.py": {"executed_lines": [3, 4, 7, 8, 11, 14, 15, 24, 25], "summary": {"covered_lines": 9, "num_statements": 9, "percent_covered": 100.0, "percent_covered_display": "100", "missing_lines": 0, "excluded_lines": 0, "percent_statements_covered": 100.0, "percent_statements_covered_display": "100"}, "missing_lines": [], "excluded_lines": [], "functions": {"": {"executed_lines": [3, 4, 7, 8, 11, 14, 15, 24, 25], "summary": {"covered_lines": 9, "num_statements": 9, "percent_covered": 100.0, "percent_covered_display": "100", "missing_lines": 0, "excluded_lines": 0, "percent_statements_covered": 100.0, "percent_statements_covered_display": "100"}, "missing_lines": [], "excluded_lines": [], "start_line": 1}}, "classes": {"ParagraphBlock": {"executed_lines": [], "summary": {"covered_lines": 0, "num_statements": 0, "percent_covered": 100.0, "percent_covered_display": "100", "missing_lines": 0, "excluded_lines": 0, "percent_statements_covered": 100.0, "percent_statements_covered_display": "100"}, "missing_lines": [], "excluded_lines": [], "start_line": 8}, "TableBlock": {"executed_lines": [], "summary": {"covered_lines": 0, "num_statements": 0, "percent_covered": 100.0, "percent_covered_display": "100", "missing_lines": 0, "excluded_lines": 0, "percent_statements_covered": 100.0, "percent_statements_covered_display": "100"}, "missing_lines": [], "excluded_lines": [], "start_line": 15}, "": {"executed_lines": [3, 4, 7, 8, 11, 14, 15, 24, 25], "summary": {"covered_lines": 9, "num_statements": 9, "percent_covered": 100.0, "percent_covered_display": "100", "missing_lines": 0, "excluded_lines": 0, "percent_statements_covered": 100.0, "percent_statements_covered_display": "100"}, "missing_lines": [], "excluded_lines": [], "start_line": 1}}}, "src/models/embedded_media.py": {"executed_lines": [3, 4, 7, 8, 24, 25, 26, 27, 28, 29, 30], "summary": {"covered_lines": 11, "num_statements": 11, "percent_covered": 100.0, "percent_covered_display": "100", "missing_lines": 0, "excluded_lines": 0, "percent_statements_covered": 100.0, "percent_statements_covered_display": "100"}, "missing_lines": [], "excluded_lines": [], "functions": {"": {"executed_lines": [3, 4, 7, 8, 24, 25, 26, 27, 28, 29, 30], "summary": {"covered_lines": 11, "num_statements": 11, "percent_covered": 100.0, "percent_covered_display": "100", "missing_lines": 0, "excluded_lines": 0, "percent_statements_covered": 100.0, "percent_statements_covered_display": "100"}, "missing_lines": [], "excluded_lines": [], "start_line": 1}}, "classes": {"EmbeddedMedia": {"executed_lines": [], "summary": {"covered_lines": 0, "num_statements": 0, "percent_covered": 100.0, "percent_covered_display": "100", "missing_lines": 0, "excluded_lines": 0, "percent_statements_covered": 100.0, "percent_statements_covered_display": "100"}, "missing_lines": [], "excluded_lines": [], "start_line": 8}, "": {"executed_lines": [3, 4, 7, 8, 24, 25, 26, 27, 28, 29, 30], "summary": {"covered_lines": 11, "num_statements": 11, "percent_covered": 100.0, "percent_covered_display": "100", "missing_lines": 0, "excluded_lines": 0, "percent_statements_covered": 100.0, "percent_statements_covered_display": "100"}, "missing_lines": [], "excluded_lines": [], "start_line": 1}}}, "src/models/output_options.py": {"executed_lines": [3, 4, 7, 8, 25, 26, 27, 28, 29, 30], "summary": {"covered_lines": 10, "num_statements": 10, "percent_covered": 100.0, "percent_covered_display": "100", "missing_lines": 0, "excluded_lines": 0, "percent_statements_covered": 100.0, "percent_statements_covered_display": "100"}, "missing_lines": [], "excluded_lines": [], "functions": {"": {"executed_lines": [3, 4, 7, 8, 25, 26, 27, 28, 29, 30], "summary": {"covered_lines": 10, "num_statements": 10, "percent_covered": 100.0, "percent_covered_display": "100", "missing_lines": 0, "excluded_lines": 0, "percent_statements_covered": 100.0, "percent_statements_covered_display": "100"}, "missing_lines": [], "excluded_lines": [], "start_line": 1}}, "classes": {"OutputOptions": {"executed_lines": [], "summary": {"covered_lines": 0, "num_statements": 0, "percent_covered": 100.0, "percent_covered_display": "100", "missing_lines": 0, "excluded_lines": 0, "percent_statements_covered": 100.0, "percent_statements_covered_display": "100"}, "missing_lines": [], "excluded_lines": [], "start_line": 8}, "": {"executed_lines": [3, 4, 7, 8, 25, 26, 27, 28, 29, 30], "summary": {"covered_lines": 10, "num_statements": 10, "percent_covered": 100.0, "percent_covered_display": "100", "missing_lines": 0, "excluded_lines": 0, "percent_statements_covered": 100.0, "percent_statements_covered_display": "100"}, "missing_lines": [], "excluded_lines": [], "start_line": 1}}}, "src/models/pricing.py": {"executed_lines": [3, 4, 5, 6, 7, 9, 13, 15, 18, 28, 29, 30, 31, 32, 34, 38, 39, 41, 42, 43, 45, 46, 49, 50, 56, 68, 69, 74, 77, 78, 79, 80, 81, 82, 83, 84, 85, 87, 89, 92, 93, 95, 96, 97, 98, 99, 100, 102, 104, 105, 106, 109, 116, 117, 118, 120, 121, 122, 123, 124, 125, 126, 128, 129, 130, 131, 132, 133, 134, 136, 138, 139, 140, 141, 142, 143, 144, 145, 146, 147, 152, 153], "summary": {"covered_lines": 82, "num_statements": 82, "percent_covered": 100.0, "percent_covered_display": "100", "missing_lines": 0, "excluded_lines": 0, "percent_statements_covered": 100.0, "percent_statements_covered_display": "100"}, "missing_lines": [], "excluded_lines": [], "functions": {"_fetch_model_pricing": {"executed_lines": [28, 29, 30, 31, 32, 34, 38, 39, 41, 42, 43, 45, 46, 49, 50], "summary": {"covered_lines": 15, "num_statements": 15, "percent_covered": 100.0, "percent_covered_display": "100", "missing_lines": 0, "excluded_lines": 0, "percent_statements_covered": 100.0, "percent_statements_covered_display": "100"}, "missing_lines": [], "excluded_lines": [], "start_line": 18}, "add_model_to_catalog": {"executed_lines": [68, 69, 74, 77, 78, 79, 80, 81, 82, 83, 84, 85, 87, 89, 92, 93, 95, 96, 97, 98, 99, 100, 102, 104, 105, 106], "summary": {"covered_lines": 26, "num_statements": 26, "percent_covered": 100.0, "percent_covered_display": "100", "missing_lines": 0, "excluded_lines": 0, "percent_statements_covered": 100.0, "percent_statements_covered_display": "100"}, "missing_lines": [], "excluded_lines": [], "start_line": 56}, "maybe_sync_model_pricing": {"executed_lines": [116, 117, 118, 120, 121, 122, 123, 124, 125, 126, 128, 129, 130, 131, 132, 133, 134, 136, 138, 139, 140, 141, 142, 143, 144, 145, 146, 147, 152, 153], "summary": {"covered_lines": 30, "num_statements": 30, "percent_covered": 100.0, "percent_covered_display": "100", "missing_lines": 0, "excluded_lines": 0, "percent_statements_covered": 100.0, "percent_statements_covered_display": "100"}, "missing_lines": [], "excluded_lines": [], "start_line": 109}, "": {"executed_lines": [3, 4, 5, 6, 7, 9, 13, 15, 18, 56, 109], "summary": {"covered_lines": 11, "num_statements": 11, "percent_covered": 100.0, "percent_covered_display": "100", "missing_lines": 0, "excluded_lines": 0, "percent_statements_covered": 100.0, "percent_statements_covered_display": "100"}, "missing_lines": [], "excluded_lines": [], "start_line": 1}}, "classes": {"": {"executed_lines": [3, 4, 5, 6, 7, 9, 13, 15, 18, 28, 29, 30, 31, 32, 34, 38, 39, 41, 42, 43, 45, 46, 49, 50, 56, 68, 69, 74, 77, 78, 79, 80, 81, 82, 83, 84, 85, 87, 89, 92, 93, 95, 96, 97, 98, 99, 100, 102, 104, 105, 106, 109, 116, 117, 118, 120, 121, 122, 123, 124, 125, 126, 128, 129, 130, 131, 132, 133, 134, 136, 138, 139, 140, 141, 142, 143, 144, 145, 146, 147, 152, 153], "summary": {"covered_lines": 82, "num_statements": 82, "percent_covered": 100.0, "percent_covered_display": "100", "missing_lines": 0, "excluded_lines": 0, "percent_statements_covered": 100.0, "percent_statements_covered_display": "100"}, "missing_lines": [], "excluded_lines": [], "start_line": 1}}}, "src/models/resolver.py": {"executed_lines": [3, 4, 6, 7, 10, 35, 36, 37, 43, 44, 46, 47, 48, 49, 51, 53, 54, 55, 56, 57, 58, 59, 62, 63, 67, 70, 71, 78, 79, 83, 87, 88, 89, 90, 91, 92, 95, 96, 97, 98, 99, 100, 102], "summary": {"covered_lines": 43, "num_statements": 43, "percent_covered": 100.0, "percent_covered_display": "100", "missing_lines": 0, "excluded_lines": 0, "percent_statements_covered": 100.0, "percent_statements_covered_display": "100"}, "missing_lines": [], "excluded_lines": [], "functions": {"resolve_model": {"executed_lines": [35, 36, 37, 43, 46, 51, 53, 54, 55, 56, 57, 58, 59, 62, 63, 67, 70, 71, 78, 79, 83, 87, 88, 89, 90, 91, 92, 95, 96, 97, 98, 99, 100, 102], "summary": {"covered_lines": 34, "num_statements": 34, "percent_covered": 100.0, "percent_covered_display": "100", "missing_lines": 0, "excluded_lines": 0, "percent_statements_covered": 100.0, "percent_statements_covered_display": "100"}, "missing_lines": [], "excluded_lines": [], "start_line": 10}, "resolve_model.is_compatible": {"executed_lines": [44], "summary": {"covered_lines": 1, "num_statements": 1, "percent_covered": 100.0, "percent_covered_display": "100", "missing_lines": 0, "excluded_lines": 0, "percent_statements_covered": 100.0, "percent_statements_covered_display": "100"}, "missing_lines": [], "excluded_lines": [], "start_line": 43}, "resolve_model.resolve_candidate": {"executed_lines": [47, 48, 49], "summary": {"covered_lines": 3, "num_statements": 3, "percent_covered": 100.0, "percent_covered_display": "100", "missing_lines": 0, "excluded_lines": 0, "percent_statements_covered": 100.0, "percent_statements_covered_display": "100"}, "missing_lines": [], "excluded_lines": [], "start_line": 46}, "": {"executed_lines": [3, 4, 6, 7, 10], "summary": {"covered_lines": 5, "num_statements": 5, "percent_covered": 100.0, "percent_covered_display": "100", "missing_lines": 0, "excluded_lines": 0, "percent_statements_covered": 100.0, "percent_statements_covered_display": "100"}, "missing_lines": [], "excluded_lines": [], "start_line": 1}}, "classes": {"": {"executed_lines": [3, 4, 6, 7, 10, 35, 36, 37, 43, 44, 46, 47, 48, 49, 51, 53, 54, 55, 56, 57, 58, 59, 62, 63, 67, 70, 71, 78, 79, 83, 87, 88, 89, 90, 91, 92, 95, 96, 97, 98, 99, 100, 102], "summary": {"covered_lines": 43, "num_statements": 43, "percent_covered": 100.0, "percent_covered_display": "100", "missing_lines": 0, "excluded_lines": 0, "percent_statements_covered": 100.0, "percent_statements_covered_display": "100"}, "missing_lines": [], "excluded_lines": [], "start_line": 1}}}, "src/output/__init__.py": {"executed_lines": [3, 5], "summary": {"covered_lines": 2, "num_statements": 2, "percent_covered": 100.0, "percent_covered_display": "100", "missing_lines": 0, "excluded_lines": 0, "percent_statements_covered": 100.0, "percent_statements_covered_display": "100"}, "missing_lines": [], "excluded_lines": [], "functions": {"": {"executed_lines": [3, 5], "summary": {"covered_lines": 2, "num_statements": 2, "percent_covered": 100.0, "percent_covered_display": "100", "missing_lines": 0, "excluded_lines": 0, "percent_statements_covered": 100.0, "percent_statements_covered_display": "100"}, "missing_lines": [], "excluded_lines": [], "start_line": 1}}, "classes": {"": {"executed_lines": [3, 5], "summary": {"covered_lines": 2, "num_statements": 2, "percent_covered": 100.0, "percent_covered_display": "100", "missing_lines": 0, "excluded_lines": 0, "percent_statements_covered": 100.0, "percent_statements_covered_display": "100"}, "missing_lines": [], "excluded_lines": [], "start_line": 1}}}, "src/output/_output_utils.py": {"executed_lines": [3, 4, 5, 6, 10, 13, 20, 21, 22, 25, 27, 28, 29, 30, 31, 32, 35, 38, 39, 40, 41, 42, 43, 44, 45, 57, 63, 64, 65, 66, 67, 68, 74, 75, 78, 99, 101, 102, 103, 104, 107, 108, 111, 113, 114, 115, 116, 122, 123, 129, 131, 132, 133, 134, 139, 140], "summary": {"covered_lines": 56, "num_statements": 84, "percent_covered": 66.66666666666667, "percent_covered_display": "67", "missing_lines": 28, "excluded_lines": 0, "percent_statements_covered": 66.66666666666667, "percent_statements_covered_display": "67"}, "missing_lines": [46, 47, 48, 49, 50, 51, 52, 53, 54, 69, 70, 71, 72, 80, 81, 82, 83, 84, 88, 89, 90, 91, 92, 93, 94, 95, 96, 105], "excluded_lines": [], "functions": {"_emit_message": {"executed_lines": [20, 21, 22], "summary": {"covered_lines": 3, "num_statements": 3, "percent_covered": 100.0, "percent_covered_display": "100", "missing_lines": 0, "excluded_lines": 0, "percent_statements_covered": 100.0, "percent_statements_covered_display": "100"}, "missing_lines": [], "excluded_lines": [], "start_line": 13}, "_normalize_paragraphs": {"executed_lines": [27, 28, 29, 30, 31, 32], "summary": {"covered_lines": 6, "num_statements": 6, "percent_covered": 100.0, "percent_covered_display": "100", "missing_lines": 0, "excluded_lines": 0, "percent_statements_covered": 100.0, "percent_statements_covered_display": "100"}, "missing_lines": [], "excluded_lines": [], "start_line": 25}, "_parse_md_table_block": {"executed_lines": [38, 39, 40, 41, 42, 43, 44, 45], "summary": {"covered_lines": 8, "num_statements": 17, "percent_covered": 47.05882352941177, "percent_covered_display": "47", "missing_lines": 9, "excluded_lines": 0, "percent_statements_covered": 47.05882352941177, "percent_statements_covered_display": "47"}, "missing_lines": [46, 47, 48, 49, 50, 51, 52, 53, 54], "excluded_lines": [], "start_line": 35}, "_extract_markdown_tables": {"executed_lines": [63, 64, 65, 66, 67, 68, 74, 75], "summary": {"covered_lines": 8, "num_statements": 12, "percent_covered": 66.66666666666667, "percent_covered_display": "67", "missing_lines": 4, "excluded_lines": 0, "percent_statements_covered": 66.66666666666667, "percent_statements_covered_display": "67"}, "missing_lines": [69, 70, 71, 72], "excluded_lines": [], "start_line": 57}, "_render_table_as_ascii": {"executed_lines": [], "summary": {"covered_lines": 0, "num_statements": 14, "percent_covered": 0.0, "percent_covered_display": "0", "missing_lines": 14, "excluded_lines": 0, "percent_statements_covered": 0.0, "percent_statements_covered_display": "0"}, "missing_lines": [80, 81, 82, 83, 84, 88, 89, 90, 91, 92, 93, 94, 95, 96], "excluded_lines": [], "start_line": 78}, "_render_markdown_tables_as_ascii": {"executed_lines": [101, 102, 103, 104, 107, 108], "summary": {"covered_lines": 6, "num_statements": 7, "percent_covered": 85.71428571428571, "percent_covered_display": "86", "missing_lines": 1, "excluded_lines": 0, "percent_statements_covered": 85.71428571428571, "percent_statements_covered_display": "86"}, "missing_lines": [105], "excluded_lines": [], "start_line": 99}, "save_to_text_file": {"executed_lines": [113, 114, 115, 116, 122, 123], "summary": {"covered_lines": 6, "num_statements": 6, "percent_covered": 100.0, "percent_covered_display": "100", "missing_lines": 0, "excluded_lines": 0, "percent_statements_covered": 100.0, "percent_statements_covered_display": "100"}, "missing_lines": [], "excluded_lines": [], "start_line": 111}, "append_to_text_file": {"executed_lines": [131, 132, 133, 134, 139, 140], "summary": {"covered_lines": 6, "num_statements": 6, "percent_covered": 100.0, "percent_covered_display": "100", "missing_lines": 0, "excluded_lines": 0, "percent_statements_covered": 100.0, "percent_statements_covered_display": "100"}, "missing_lines": [], "excluded_lines": [], "start_line": 129}, "": {"executed_lines": [3, 4, 5, 6, 10, 13, 25, 35, 57, 78, 99, 111, 129], "summary": {"covered_lines": 13, "num_statements": 13, "percent_covered": 100.0, "percent_covered_display": "100", "missing_lines": 0, "excluded_lines": 0, "percent_statements_covered": 100.0, "percent_statements_covered_display": "100"}, "missing_lines": [], "excluded_lines": [], "start_line": 1}}, "classes": {"": {"executed_lines": [3, 4, 5, 6, 10, 13, 20, 21, 22, 25, 27, 28, 29, 30, 31, 32, 35, 38, 39, 40, 41, 42, 43, 44, 45, 57, 63, 64, 65, 66, 67, 68, 74, 75, 78, 99, 101, 102, 103, 104, 107, 108, 111, 113, 114, 115, 116, 122, 123, 129, 131, 132, 133, 134, 139, 140], "summary": {"covered_lines": 56, "num_statements": 84, "percent_covered": 66.66666666666667, "percent_covered_display": "67", "missing_lines": 28, "excluded_lines": 0, "percent_statements_covered": 66.66666666666667, "percent_statements_covered_display": "67"}, "missing_lines": [46, 47, 48, 49, 50, 51, 52, 53, 54, 69, 70, 71, 72, 80, 81, 82, 83, 84, 88, 89, 90, 91, 92, 93, 94, 95, 96, 105], "excluded_lines": [], "start_line": 1}}}, "src/output/docx_builder.py": {"executed_lines": [3, 4, 5, 6, 8, 9, 13, 17, 20, 22, 23, 24, 25, 26, 27, 28, 29, 30, 31, 32, 33, 34, 39, 61, 62, 63, 65, 66, 68, 69, 70, 71, 72, 73, 75, 76, 77, 79, 80, 86, 88, 89, 90, 91, 92, 94, 96, 97, 99, 101, 102, 103, 104, 109, 110, 111, 133, 140, 142, 143, 144, 146, 148, 152, 153, 156, 157, 161, 162, 164, 165, 168, 169, 170, 171, 172, 173, 176, 177, 178, 179, 180, 181, 182, 183, 184, 185, 186, 187, 188, 189, 190, 191, 192, 202, 203, 206, 207, 208, 209, 210, 212, 213, 214, 215, 217, 218, 219, 221, 222, 223, 224, 225, 226, 227, 228, 229, 230, 232, 235, 236, 238, 239, 240, 246, 247, 249, 254, 256, 257, 262, 263, 264, 265, 266, 271, 275, 278, 280, 281], "summary": {"covered_lines": 140, "num_statements": 163, "percent_covered": 85.88957055214723, "percent_covered_display": "86", "missing_lines": 23, "excluded_lines": 0, "percent_statements_covered": 85.88957055214723, "percent_statements_covered_display": "86"}, "missing_lines": [35, 36, 112, 113, 114, 115, 116, 117, 118, 119, 120, 121, 122, 123, 127, 128, 134, 135, 158, 159, 196, 197, 201], "excluded_lines": [], "functions": {"_apply_docx_table_borders": {"executed_lines": [22, 23, 24, 25, 26, 27, 28, 29, 30, 31, 32, 33, 34], "summary": {"covered_lines": 13, "num_statements": 15, "percent_covered": 86.66666666666667, "percent_covered_display": "87", "missing_lines": 2, "excluded_lines": 0, "percent_statements_covered": 86.66666666666667, "percent_statements_covered_display": "87"}, "missing_lines": [35, 36], "excluded_lines": [], "start_line": 20}, "save_to_docx": {"executed_lines": [61, 62, 63, 65, 66, 68, 69, 70, 71, 72, 73, 75, 76, 77, 79, 80, 86, 88, 89, 90, 91, 92, 94, 96, 97, 99, 140, 146, 156, 157, 161, 162, 164, 165, 168, 169, 170, 171, 172, 173, 176, 177, 178, 179, 180, 181, 182, 183, 184, 185, 186, 187, 188, 189, 190, 191, 192, 202, 203, 206, 207, 208, 209, 210, 212, 213, 214, 215, 217, 218, 219, 221, 222, 223, 224, 225, 226, 227, 228, 229, 230, 232, 235, 236, 238, 239, 240, 246, 247, 249, 254, 256, 257, 262, 263, 264, 265, 266, 271, 275], "summary": {"covered_lines": 100, "num_statements": 105, "percent_covered": 95.23809523809524, "percent_covered_display": "95", "missing_lines": 5, "excluded_lines": 0, "percent_statements_covered": 95.23809523809524, "percent_statements_covered_display": "95"}, "missing_lines": [158, 159, 196, 197, 201], "excluded_lines": [], "start_line": 39}, "save_to_docx._do_insert_image": {"executed_lines": [101, 102, 103, 104, 109, 110, 111, 133], "summary": {"covered_lines": 8, "num_statements": 24, "percent_covered": 33.333333333333336, "percent_covered_display": "33", "missing_lines": 16, "excluded_lines": 0, "percent_statements_covered": 33.333333333333336, "percent_statements_covered_display": "33"}, "missing_lines": [112, 113, 114, 115, 116, 117, 118, 119, 120, 121, 122, 123, 127, 128, 134, 135], "excluded_lines": [], "start_line": 99}, "save_to_docx._flush_pending_pdf_images": {"executed_lines": [142, 143, 144], "summary": {"covered_lines": 3, "num_statements": 3, "percent_covered": 100.0, "percent_covered_display": "100", "missing_lines": 0, "excluded_lines": 0, "percent_statements_covered": 100.0, "percent_statements_covered_display": "100"}, "missing_lines": [], "excluded_lines": [], "start_line": 140}, "save_to_docx._insert_frac_images_up_to": {"executed_lines": [148, 152, 153], "summary": {"covered_lines": 3, "num_statements": 3, "percent_covered": 100.0, "percent_covered_display": "100", "missing_lines": 0, "excluded_lines": 0, "percent_statements_covered": 100.0, "percent_statements_covered_display": "100"}, "missing_lines": [], "excluded_lines": [], "start_line": 146}, "_fallback_to_text": {"executed_lines": [280, 281], "summary": {"covered_lines": 2, "num_statements": 2, "percent_covered": 100.0, "percent_covered_display": "100", "missing_lines": 0, "excluded_lines": 0, "percent_statements_covered": 100.0, "percent_statements_covered_display": "100"}, "missing_lines": [], "excluded_lines": [], "start_line": 278}, "": {"executed_lines": [3, 4, 5, 6, 8, 9, 13, 17, 20, 39, 278], "summary": {"covered_lines": 11, "num_statements": 11, "percent_covered": 100.0, "percent_covered_display": "100", "missing_lines": 0, "excluded_lines": 0, "percent_statements_covered": 100.0, "percent_statements_covered_display": "100"}, "missing_lines": [], "excluded_lines": [], "start_line": 1}}, "classes": {"": {"executed_lines": [3, 4, 5, 6, 8, 9, 13, 17, 20, 22, 23, 24, 25, 26, 27, 28, 29, 30, 31, 32, 33, 34, 39, 61, 62, 63, 65, 66, 68, 69, 70, 71, 72, 73, 75, 76, 77, 79, 80, 86, 88, 89, 90, 91, 92, 94, 96, 97, 99, 101, 102, 103, 104, 109, 110, 111, 133, 140, 142, 143, 144, 146, 148, 152, 153, 156, 157, 161, 162, 164, 165, 168, 169, 170, 171, 172, 173, 176, 177, 178, 179, 180, 181, 182, 183, 184, 185, 186, 187, 188, 189, 190, 191, 192, 202, 203, 206, 207, 208, 209, 210, 212, 213, 214, 215, 217, 218, 219, 221, 222, 223, 224, 225, 226, 227, 228, 229, 230, 232, 235, 236, 238, 239, 240, 246, 247, 249, 254, 256, 257, 262, 263, 264, 265, 266, 271, 275, 278, 280, 281], "summary": {"covered_lines": 140, "num_statements": 163, "percent_covered": 85.88957055214723, "percent_covered_display": "86", "missing_lines": 23, "excluded_lines": 0, "percent_statements_covered": 85.88957055214723, "percent_statements_covered_display": "86"}, "missing_lines": [35, 36, 112, 113, 114, 115, 116, 117, 118, 119, 120, 121, 122, 123, 127, 128, 134, 135, 158, 159, 196, 197, 201], "excluded_lines": [], "start_line": 1}}}, "src/output/file_output.py": {"executed_lines": [3, 4, 5, 6, 8, 18, 19, 20, 23, 25, 26, 27, 28, 31, 42, 43, 44, 45, 46, 47, 48, 49, 50, 51, 52, 54, 55, 64, 65, 66, 67, 68, 70, 71, 73, 75, 76, 78, 79, 81, 82, 97, 98, 99, 101, 104, 105, 107, 109, 110, 111, 117, 118, 119, 125, 127, 128, 129, 135, 136, 148, 149, 150, 151, 153, 156, 157, 159, 161, 162, 163, 167, 168, 169, 173, 175, 176, 178, 179, 181, 183], "summary": {"covered_lines": 81, "num_statements": 81, "percent_covered": 100.0, "percent_covered_display": "100", "missing_lines": 0, "excluded_lines": 0, "percent_statements_covered": 100.0, "percent_statements_covered_display": "100"}, "missing_lines": [], "excluded_lines": [], "functions": {"generate_output_filename": {"executed_lines": [25, 26, 27, 28], "summary": {"covered_lines": 4, "num_statements": 4, "percent_covered": 100.0, "percent_covered_display": "100", "missing_lines": 0, "excluded_lines": 0, "percent_statements_covered": 100.0, "percent_statements_covered_display": "100"}, "missing_lines": [], "excluded_lines": [], "start_line": 23}, "FileOutputHandler._resolve_output_path": {"executed_lines": [64, 65, 66, 67, 68], "summary": {"covered_lines": 5, "num_statements": 5, "percent_covered": 100.0, "percent_covered_display": "100", "missing_lines": 0, "excluded_lines": 0, "percent_statements_covered": 100.0, "percent_statements_covered_display": "100"}, "missing_lines": [], "excluded_lines": [], "start_line": 55}, "FileOutputHandler._ensure_parent_directory": {"executed_lines": [73], "summary": {"covered_lines": 1, "num_statements": 1, "percent_covered": 100.0, "percent_covered_display": "100", "missing_lines": 0, "excluded_lines": 0, "percent_statements_covered": 100.0, "percent_statements_covered_display": "100"}, "missing_lines": [], "excluded_lines": [], "start_line": 71}, "FileOutputHandler._fallback_to_text": {"executed_lines": [78, 79], "summary": {"covered_lines": 2, "num_statements": 2, "percent_covered": 100.0, "percent_covered_display": "100", "missing_lines": 0, "excluded_lines": 0, "percent_statements_covered": 100.0, "percent_statements_covered_display": "100"}, "missing_lines": [], "excluded_lines": [], "start_line": 76}, "FileOutputHandler.save_translation_output": {"executed_lines": [97, 98, 99, 101, 104, 105, 107, 109, 110, 111, 117, 118, 119, 125, 127, 128, 129], "summary": {"covered_lines": 17, "num_statements": 17, "percent_covered": 100.0, "percent_covered_display": "100", "missing_lines": 0, "excluded_lines": 0, "percent_statements_covered": 100.0, "percent_statements_covered_display": "100"}, "missing_lines": [], "excluded_lines": [], "start_line": 82}, "FileOutputHandler.save_page_progressively": {"executed_lines": [148, 149, 150, 151, 153, 156, 157, 159, 161, 162, 163, 167, 168, 169, 173, 175, 176, 178, 179, 181, 183], "summary": {"covered_lines": 21, "num_statements": 21, "percent_covered": 100.0, "percent_covered_display": "100", "missing_lines": 0, "excluded_lines": 0, "percent_statements_covered": 100.0, "percent_statements_covered_display": "100"}, "missing_lines": [], "excluded_lines": [], "start_line": 136}, "": {"executed_lines": [3, 4, 5, 6, 8, 18, 19, 20, 23, 31, 42, 43, 44, 45, 46, 47, 48, 49, 50, 51, 52, 54, 55, 70, 71, 75, 76, 81, 82, 135, 136], "summary": {"covered_lines": 31, "num_statements": 31, "percent_covered": 100.0, "percent_covered_display": "100", "missing_lines": 0, "excluded_lines": 0, "percent_statements_covered": 100.0, "percent_statements_covered_display": "100"}, "missing_lines": [], "excluded_lines": [], "start_line": 1}}, "classes": {"FileOutputHandler": {"executed_lines": [64, 65, 66, 67, 68, 73, 78, 79, 97, 98, 99, 101, 104, 105, 107, 109, 110, 111, 117, 118, 119, 125, 127, 128, 129, 148, 149, 150, 151, 153, 156, 157, 159, 161, 162, 163, 167, 168, 169, 173, 175, 176, 178, 179, 181, 183], "summary": {"covered_lines": 46, "num_statements": 46, "percent_covered": 100.0, "percent_covered_display": "100", "missing_lines": 0, "excluded_lines": 0, "percent_statements_covered": 100.0, "percent_statements_covered_display": "100"}, "missing_lines": [], "excluded_lines": [], "start_line": 31}, "": {"executed_lines": [3, 4, 5, 6, 8, 18, 19, 20, 23, 25, 26, 27, 28, 31, 42, 43, 44, 45, 46, 47, 48, 49, 50, 51, 52, 54, 55, 70, 71, 75, 76, 81, 82, 135, 136], "summary": {"covered_lines": 35, "num_statements": 35, "percent_covered": 100.0, "percent_covered_display": "100", "missing_lines": 0, "excluded_lines": 0, "percent_statements_covered": 100.0, "percent_statements_covered_display": "100"}, "missing_lines": [], "excluded_lines": [], "start_line": 1}}}, "src/output/font_resolver.py": {"executed_lines": [3, 4, 5, 8, 10, 13, 15, 16, 19, 21, 22, 23, 25, 26, 27, 28, 29, 30, 31, 32, 33, 34, 35, 36, 37, 42, 47, 53, 54, 55, 56, 57, 58, 59, 60, 61, 62, 63, 65, 66, 67, 68, 69, 70, 71, 72, 73, 74, 76, 77, 78, 79, 80, 81, 82, 83, 84, 86, 87, 88, 89, 90, 91, 94, 96, 97, 98, 99, 100, 101, 102, 103, 108, 116, 117, 118, 120, 121, 122], "summary": {"covered_lines": 79, "num_statements": 79, "percent_covered": 100.0, "percent_covered_display": "100", "missing_lines": 0, "excluded_lines": 0, "percent_statements_covered": 100.0, "percent_statements_covered_display": "100"}, "missing_lines": [], "excluded_lines": [], "functions": {"_fonts_dir": {"executed_lines": [10], "summary": {"covered_lines": 1, "num_statements": 1, "percent_covered": 100.0, "percent_covered_display": "100", "missing_lines": 0, "excluded_lines": 0, "percent_statements_covered": 100.0, "percent_statements_covered_display": "100"}, "missing_lines": [], "excluded_lines": [], "start_line": 8}, "_emit_warning": {"executed_lines": [15, 16], "summary": {"covered_lines": 2, "num_statements": 2, "percent_covered": 100.0, "percent_covered_display": "100", "missing_lines": 0, "excluded_lines": 0, "percent_statements_covered": 100.0, "percent_statements_covered_display": "100"}, "missing_lines": [], "excluded_lines": [], "start_line": 13}, "get_pdf_font": {"executed_lines": [21, 22, 23, 25, 26, 27, 28, 29, 30, 31, 32, 33, 34, 35, 36, 37, 42, 47, 53, 54, 55, 56, 57, 58, 59, 60, 61, 62, 63, 65, 66, 67, 68, 69, 70, 71, 72, 73, 74, 76, 77, 78, 79, 80, 81, 82, 83, 84, 86, 87, 88, 89, 90, 91], "summary": {"covered_lines": 54, "num_statements": 54, "percent_covered": 100.0, "percent_covered_display": "100", "missing_lines": 0, "excluded_lines": 0, "percent_statements_covered": 100.0, "percent_statements_covered_display": "100"}, "missing_lines": [], "excluded_lines": [], "start_line": 19}, "get_docx_font": {"executed_lines": [96, 97, 98, 99, 100, 101, 102, 103, 108, 116, 117, 118, 120, 121, 122], "summary": {"covered_lines": 15, "num_statements": 15, "percent_covered": 100.0, "percent_covered_display": "100", "missing_lines": 0, "excluded_lines": 0, "percent_statements_covered": 100.0, "percent_statements_covered_display": "100"}, "missing_lines": [], "excluded_lines": [], "start_line": 94}, "": {"executed_lines": [3, 4, 5, 8, 13, 19, 94], "summary": {"covered_lines": 7, "num_statements": 7, "percent_covered": 100.0, "percent_covered_display": "100", "missing_lines": 0, "excluded_lines": 0, "percent_statements_covered": 100.0, "percent_statements_covered_display": "100"}, "missing_lines": [], "excluded_lines": [], "start_line": 1}}, "classes": {"": {"executed_lines": [3, 4, 5, 8, 10, 13, 15, 16, 19, 21, 22, 23, 25, 26, 27, 28, 29, 30, 31, 32, 33, 34, 35, 36, 37, 42, 47, 53, 54, 55, 56, 57, 58, 59, 60, 61, 62, 63, 65, 66, 67, 68, 69, 70, 71, 72, 73, 74, 76, 77, 78, 79, 80, 81, 82, 83, 84, 86, 87, 88, 89, 90, 91, 94, 96, 97, 98, 99, 100, 101, 102, 103, 108, 116, 117, 118, 120, 121, 122], "summary": {"covered_lines": 79, "num_statements": 79, "percent_covered": 100.0, "percent_covered_display": "100", "missing_lines": 0, "excluded_lines": 0, "percent_statements_covered": 100.0, "percent_statements_covered_display": "100"}, "missing_lines": [], "excluded_lines": [], "start_line": 1}}}, "src/output/pdf_builder.py": {"executed_lines": [3, 4, 5, 7, 8, 9, 12, 20, 35, 36, 37, 38, 39, 41, 50, 51, 52, 54, 55, 56, 58, 59, 61, 62, 71, 72, 73, 74, 75, 77, 87, 88, 92, 95, 96, 97, 98, 99, 103, 104, 112, 113, 114, 117, 124, 125, 126, 127, 128, 129, 130, 131, 132, 133, 134, 135, 136, 137, 138, 139, 140, 141, 142, 143, 145, 147, 148, 149, 155, 156, 158, 163, 165, 166, 171, 172, 173, 178, 182, 185, 187, 188], "summary": {"covered_lines": 82, "num_statements": 86, "percent_covered": 95.34883720930233, "percent_covered_display": "95", "missing_lines": 4, "excluded_lines": 0, "percent_statements_covered": 95.34883720930233, "percent_statements_covered_display": "95"}, "missing_lines": [89, 90, 118, 119], "excluded_lines": [], "functions": {"save_to_pdf": {"executed_lines": [35, 36, 37, 38, 39, 41, 50, 51, 52, 54, 55, 56, 58, 59, 61, 62, 71, 72, 73, 74, 75, 77, 87, 88, 92, 95, 96, 97, 98, 99, 103, 104, 112, 113, 114, 117, 124, 125, 126, 127, 128, 129, 130, 131, 132, 133, 134, 135, 136, 137, 138, 139, 140, 141, 142, 143, 145, 147, 148, 149, 155, 156, 158, 163, 165, 166, 171, 172, 173, 178, 182], "summary": {"covered_lines": 71, "num_statements": 75, "percent_covered": 94.66666666666667, "percent_covered_display": "95", "missing_lines": 4, "excluded_lines": 0, "percent_statements_covered": 94.66666666666667, "percent_statements_covered_display": "95"}, "missing_lines": [89, 90, 118, 119], "excluded_lines": [], "start_line": 20}, "_fallback_to_text": {"executed_lines": [187, 188], "summary": {"covered_lines": 2, "num_statements": 2, "percent_covered": 100.0, "percent_covered_display": "100", "missing_lines": 0, "excluded_lines": 0, "percent_statements_covered": 100.0, "percent_statements_covered_display": "100"}, "missing_lines": [], "excluded_lines": [], "start_line": 185}, "": {"executed_lines": [3, 4, 5, 7, 8, 9, 12, 20, 185], "summary": {"covered_lines": 9, "num_statements": 9, "percent_covered": 100.0, "percent_covered_display": "100", "missing_lines": 0, "excluded_lines": 0, "percent_statements_covered": 100.0, "percent_statements_covered_display": "100"}, "missing_lines": [], "excluded_lines": [], "start_line": 1}}, "classes": {"": {"executed_lines": [3, 4, 5, 7, 8, 9, 12, 20, 35, 36, 37, 38, 39, 41, 50, 51, 52, 54, 55, 56, 58, 59, 61, 62, 71, 72, 73, 74, 75, 77, 87, 88, 92, 95, 96, 97, 98, 99, 103, 104, 112, 113, 114, 117, 124, 125, 126, 127, 128, 129, 130, 131, 132, 133, 134, 135, 136, 137, 138, 139, 140, 141, 142, 143, 145, 147, 148, 149, 155, 156, 158, 163, 165, 166, 171, 172, 173, 178, 182, 185, 187, 188], "summary": {"covered_lines": 82, "num_statements": 86, "percent_covered": 95.34883720930233, "percent_covered_display": "95", "missing_lines": 4, "excluded_lines": 0, "percent_statements_covered": 95.34883720930233, "percent_statements_covered_display": "95"}, "missing_lines": [89, 90, 118, 119], "excluded_lines": [], "start_line": 1}}}, "src/processors/__init__.py": {"executed_lines": [3, 4, 5, 6, 7, 8, 10], "summary": {"covered_lines": 7, "num_statements": 7, "percent_covered": 100.0, "percent_covered_display": "100", "missing_lines": 0, "excluded_lines": 0, "percent_statements_covered": 100.0, "percent_statements_covered_display": "100"}, "missing_lines": [], "excluded_lines": [], "functions": {"": {"executed_lines": [3, 4, 5, 6, 7, 8, 10], "summary": {"covered_lines": 7, "num_statements": 7, "percent_covered": 100.0, "percent_covered_display": "100", "missing_lines": 0, "excluded_lines": 0, "percent_statements_covered": 100.0, "percent_statements_covered_display": "100"}, "missing_lines": [], "excluded_lines": [], "start_line": 1}}, "classes": {"": {"executed_lines": [3, 4, 5, 6, 7, 8, 10], "summary": {"covered_lines": 7, "num_statements": 7, "percent_covered": 100.0, "percent_covered_display": "100", "missing_lines": 0, "excluded_lines": 0, "percent_statements_covered": 100.0, "percent_statements_covered_display": "100"}, "missing_lines": [], "excluded_lines": [], "start_line": 1}}}, "src/processors/base_text_processor.py": {"executed_lines": [3, 4, 5, 8, 11, 12, 23, 24, 25, 28, 29, 30, 32, 33, 36, 37, 38, 39, 41, 42, 45, 46, 49, 52, 54, 55, 65, 66, 69, 71, 75, 79], "summary": {"covered_lines": 32, "num_statements": 35, "percent_covered": 91.42857142857143, "percent_covered_display": "91", "missing_lines": 3, "excluded_lines": 0, "percent_statements_covered": 91.42857142857143, "percent_statements_covered_display": "91"}, "missing_lines": [50, 73, 77], "excluded_lines": [], "functions": {"BaseTextProcessor.split_text_into_pages": {"executed_lines": [23, 24, 25, 28, 29, 30, 32, 33, 36, 37, 38, 39, 41, 42, 45, 46, 49, 52], "summary": {"covered_lines": 18, "num_statements": 19, "percent_covered": 94.73684210526316, "percent_covered_display": "95", "missing_lines": 1, "excluded_lines": 0, "percent_statements_covered": 94.73684210526316, "percent_statements_covered_display": "95"}, "missing_lines": [50], "excluded_lines": [], "start_line": 12}, "BaseTextProcessor.parse_text_into_paragraphs": {"executed_lines": [65, 66, 69, 71, 75, 79], "summary": {"covered_lines": 6, "num_statements": 8, "percent_covered": 75.0, "percent_covered_display": "75", "missing_lines": 2, "excluded_lines": 0, "percent_statements_covered": 75.0, "percent_statements_covered_display": "75"}, "missing_lines": [73, 77], "excluded_lines": [], "start_line": 55}, "": {"executed_lines": [3, 4, 5, 8, 11, 12, 54, 55], "summary": {"covered_lines": 8, "num_statements": 8, "percent_covered": 100.0, "percent_covered_display": "100", "missing_lines": 0, "excluded_lines": 0, "percent_statements_covered": 100.0, "percent_statements_covered_display": "100"}, "missing_lines": [], "excluded_lines": [], "start_line": 1}}, "classes": {"BaseTextProcessor": {"executed_lines": [23, 24, 25, 28, 29, 30, 32, 33, 36, 37, 38, 39, 41, 42, 45, 46, 49, 52, 65, 66, 69, 71, 75, 79], "summary": {"covered_lines": 24, "num_statements": 27, "percent_covered": 88.88888888888889, "percent_covered_display": "89", "missing_lines": 3, "excluded_lines": 0, "percent_statements_covered": 88.88888888888889, "percent_statements_covered_display": "89"}, "missing_lines": [50, 73, 77], "excluded_lines": [], "start_line": 8}, "": {"executed_lines": [3, 4, 5, 8, 11, 12, 54, 55], "summary": {"covered_lines": 8, "num_statements": 8, "percent_covered": 100.0, "percent_covered_display": "100", "missing_lines": 0, "excluded_lines": 0, "percent_statements_covered": 100.0, "percent_statements_covered_display": "100"}, "missing_lines": [], "excluded_lines": [], "start_line": 1}}}, "src/processors/constants.py": {"executed_lines": [3, 5, 8], "summary": {"covered_lines": 3, "num_statements": 3, "percent_covered": 100.0, "percent_covered_display": "100", "missing_lines": 0, "excluded_lines": 0, "percent_statements_covered": 100.0, "percent_statements_covered_display": "100"}, "missing_lines": [], "excluded_lines": [], "functions": {"": {"executed_lines": [3, 5, 8], "summary": {"covered_lines": 3, "num_statements": 3, "percent_covered": 100.0, "percent_covered_display": "100", "missing_lines": 0, "excluded_lines": 0, "percent_statements_covered": 100.0, "percent_statements_covered_display": "100"}, "missing_lines": [], "excluded_lines": [], "start_line": 1}}, "classes": {"": {"executed_lines": [3, 5, 8], "summary": {"covered_lines": 3, "num_statements": 3, "percent_covered": 100.0, "percent_covered_display": "100", "missing_lines": 0, "excluded_lines": 0, "percent_statements_covered": 100.0, "percent_statements_covered_display": "100"}, "missing_lines": [], "excluded_lines": [], "start_line": 1}}}, "src/processors/docx_processor.py": {"executed_lines": [3, 4, 6, 7, 14, 17, 24, 25, 26, 28, 29, 31, 32, 34, 36, 37, 38, 40, 42, 43, 44, 45, 46, 49, 50, 51, 52, 53, 54, 56, 58, 59, 64, 65, 76, 77, 78, 80, 81, 82, 85, 86, 88, 89, 91, 92, 93, 95, 96, 107, 108, 109, 111, 112, 113, 115, 116, 118, 119, 120, 121, 123, 124, 125, 126, 127, 128, 132, 133, 134, 135, 137, 139, 140, 161, 163, 164, 166, 167, 169, 170, 171, 172, 173, 174, 176, 177, 178, 179, 181, 182, 183, 187, 189, 190, 200, 201, 202, 204, 205, 206, 208, 209, 211, 212, 213, 214, 215, 216, 217, 219, 220, 226, 227, 228, 229, 230, 231, 234, 236, 237, 245, 246], "summary": {"covered_lines": 123, "num_statements": 129, "percent_covered": 95.34883720930233, "percent_covered_display": "95", "missing_lines": 6, "excluded_lines": 3, "percent_statements_covered": 95.34883720930233, "percent_statements_covered_display": "95"}, "missing_lines": [218, 221, 222, 223, 232, 233], "excluded_lines": [9, 10, 11], "functions": {"DocxProcessor.extract_raw_content": {"executed_lines": [24, 25, 26, 28, 29, 31, 32, 34, 36, 37, 38, 40, 42, 43, 44, 45, 46, 49, 50, 51, 52, 53, 54, 56, 58, 59], "summary": {"covered_lines": 26, "num_statements": 26, "percent_covered": 100.0, "percent_covered_display": "100", "missing_lines": 0, "excluded_lines": 0, "percent_statements_covered": 100.0, "percent_statements_covered_display": "100"}, "missing_lines": [], "excluded_lines": [], "start_line": 17}, "DocxProcessor.process_docx_with_pages": {"executed_lines": [76, 77, 78, 80, 81, 82, 85, 86, 88, 89, 91, 92, 93], "summary": {"covered_lines": 13, "num_statements": 13, "percent_covered": 100.0, "percent_covered_display": "100", "missing_lines": 0, "excluded_lines": 0, "percent_statements_covered": 100.0, "percent_statements_covered_display": "100"}, "missing_lines": [], "excluded_lines": [], "start_line": 65}, "DocxProcessor.extract_blocks": {"executed_lines": [107, 108, 109, 111, 112, 113, 115, 116, 118, 119, 120, 121, 123, 124, 125, 126, 127, 128, 132, 133, 134, 135, 137], "summary": {"covered_lines": 23, "num_statements": 23, "percent_covered": 100.0, "percent_covered_display": "100", "missing_lines": 0, "excluded_lines": 0, "percent_statements_covered": 100.0, "percent_statements_covered_display": "100"}, "missing_lines": [], "excluded_lines": [], "start_line": 96}, "DocxProcessor.process_docx_for_translation": {"executed_lines": [161, 163, 164, 166, 167, 169, 170, 171, 172, 173, 174, 176, 177, 178, 179, 181, 182, 183, 187], "summary": {"covered_lines": 19, "num_statements": 19, "percent_covered": 100.0, "percent_covered_display": "100", "missing_lines": 0, "excluded_lines": 0, "percent_statements_covered": 100.0, "percent_statements_covered_display": "100"}, "missing_lines": [], "excluded_lines": [], "start_line": 140}, "DocxProcessor.extract_media": {"executed_lines": [200, 201, 202, 204, 205, 206, 208, 209, 211, 212, 213, 214, 215, 216, 217, 219, 220, 226, 227, 228, 229, 230, 231, 234, 236, 237, 245, 246], "summary": {"covered_lines": 28, "num_statements": 34, "percent_covered": 82.3529411764706, "percent_covered_display": "82", "missing_lines": 6, "excluded_lines": 0, "percent_statements_covered": 82.3529411764706, "percent_statements_covered_display": "82"}, "missing_lines": [218, 221, 222, 223, 232, 233], "excluded_lines": [], "start_line": 190}, "": {"executed_lines": [3, 4, 6, 7, 14, 17, 64, 65, 95, 96, 139, 140, 189, 190], "summary": {"covered_lines": 14, "num_statements": 14, "percent_covered": 100.0, "percent_covered_display": "100", "missing_lines": 0, "excluded_lines": 3, "percent_statements_covered": 100.0, "percent_statements_covered_display": "100"}, "missing_lines": [], "excluded_lines": [9, 10, 11], "start_line": 1}}, "classes": {"DocxProcessor": {"executed_lines": [24, 25, 26, 28, 29, 31, 32, 34, 36, 37, 38, 40, 42, 43, 44, 45, 46, 49, 50, 51, 52, 53, 54, 56, 58, 59, 76, 77, 78, 80, 81, 82, 85, 86, 88, 89, 91, 92, 93, 107, 108, 109, 111, 112, 113, 115, 116, 118, 119, 120, 121, 123, 124, 125, 126, 127, 128, 132, 133, 134, 135, 137, 161, 163, 164, 166, 167, 169, 170, 171, 172, 173, 174, 176, 177, 178, 179, 181, 182, 183, 187, 200, 201, 202, 204, 205, 206, 208, 209, 211, 212, 213, 214, 215, 216, 217, 219, 220, 226, 227, 228, 229, 230, 231, 234, 236, 237, 245, 246], "summary": {"covered_lines": 109, "num_statements": 115, "percent_covered": 94.78260869565217, "percent_covered_display": "95", "missing_lines": 6, "excluded_lines": 0, "percent_statements_covered": 94.78260869565217, "percent_statements_covered_display": "95"}, "missing_lines": [218, 221, 222, 223, 232, 233], "excluded_lines": [], "start_line": 14}, "": {"executed_lines": [3, 4, 6, 7, 14, 17, 64, 65, 95, 96, 139, 140, 189, 190], "summary": {"covered_lines": 14, "num_statements": 14, "percent_covered": 100.0, "percent_covered_display": "100", "missing_lines": 0, "excluded_lines": 3, "percent_statements_covered": 100.0, "percent_statements_covered_display": "100"}, "missing_lines": [], "excluded_lines": [9, 10, 11], "start_line": 1}}}, "src/processors/image_processor.py": {"executed_lines": [3, 4, 5, 7, 10, 13, 14, 16, 18, 19, 21, 22, 24, 25, 27, 30, 34, 36, 37, 39, 40, 42], "summary": {"covered_lines": 22, "num_statements": 22, "percent_covered": 100.0, "percent_covered_display": "100", "missing_lines": 0, "excluded_lines": 0, "percent_statements_covered": 100.0, "percent_statements_covered_display": "100"}, "missing_lines": [], "excluded_lines": [], "functions": {"ImageProcessor.is_image_file": {"executed_lines": [16], "summary": {"covered_lines": 1, "num_statements": 1, "percent_covered": 100.0, "percent_covered_display": "100", "missing_lines": 0, "excluded_lines": 0, "percent_statements_covered": 100.0, "percent_statements_covered_display": "100"}, "missing_lines": [], "excluded_lines": [], "start_line": 14}, "ImageProcessor.validate_image_file": {"executed_lines": [21, 22, 24, 25, 27], "summary": {"covered_lines": 5, "num_statements": 5, "percent_covered": 100.0, "percent_covered_display": "100", "missing_lines": 0, "excluded_lines": 0, "percent_statements_covered": 100.0, "percent_statements_covered_display": "100"}, "missing_lines": [], "excluded_lines": [], "start_line": 19}, "ImageProcessor.local_image_to_data_url": {"executed_lines": [34, 36, 37, 39, 40, 42], "summary": {"covered_lines": 6, "num_statements": 6, "percent_covered": 100.0, "percent_covered_display": "100", "missing_lines": 0, "excluded_lines": 0, "percent_statements_covered": 100.0, "percent_statements_covered_display": "100"}, "missing_lines": [], "excluded_lines": [], "start_line": 30}, "": {"executed_lines": [3, 4, 5, 7, 10, 13, 14, 18, 19, 30], "summary": {"covered_lines": 10, "num_statements": 10, "percent_covered": 100.0, "percent_covered_display": "100", "missing_lines": 0, "excluded_lines": 0, "percent_statements_covered": 100.0, "percent_statements_covered_display": "100"}, "missing_lines": [], "excluded_lines": [], "start_line": 1}}, "classes": {"ImageProcessor": {"executed_lines": [16, 21, 22, 24, 25, 27, 34, 36, 37, 39, 40, 42], "summary": {"covered_lines": 12, "num_statements": 12, "percent_covered": 100.0, "percent_covered_display": "100", "missing_lines": 0, "excluded_lines": 0, "percent_statements_covered": 100.0, "percent_statements_covered_display": "100"}, "missing_lines": [], "excluded_lines": [], "start_line": 10}, "": {"executed_lines": [3, 4, 5, 7, 10, 13, 14, 18, 19, 30], "summary": {"covered_lines": 10, "num_statements": 10, "percent_covered": 100.0, "percent_covered_display": "100", "missing_lines": 0, "excluded_lines": 0, "percent_statements_covered": 100.0, "percent_statements_covered_display": "100"}, "missing_lines": [], "excluded_lines": [], "start_line": 1}}}, "src/processors/pdf_media_extractor.py": {"executed_lines": [3, 4, 11, 16, 19, 32, 55, 56, 72, 73, 74, 75, 80, 82, 83, 84, 86, 90, 91, 93, 94, 95, 97, 98, 99, 100, 101, 105, 106, 107, 108, 109, 110, 111, 112, 113, 114, 115, 116, 117, 118, 119, 120, 121, 126, 137, 140, 141, 146, 147, 153, 154, 161, 164, 168, 177, 178, 179], "summary": {"covered_lines": 58, "num_statements": 72, "percent_covered": 80.55555555555556, "percent_covered_display": "81", "missing_lines": 14, "excluded_lines": 2, "percent_statements_covered": 80.55555555555556, "percent_statements_covered_display": "81"}, "missing_lines": [87, 88, 130, 134, 135, 142, 143, 144, 148, 151, 162, 163, 165, 166], "excluded_lines": [6, 7], "functions": {"PdfMediaExtractor.extract_media": {"executed_lines": [72, 73, 74, 75, 80, 82, 83, 84, 86, 90, 91, 93, 94, 95, 97, 98, 99, 100, 101, 105, 106, 107, 108, 109, 110, 111, 112, 113, 114, 115, 116, 117, 118, 119, 120, 121, 126, 137, 140, 141, 146, 147, 153, 154, 161, 164, 168, 177, 178, 179], "summary": {"covered_lines": 50, "num_statements": 64, "percent_covered": 78.125, "percent_covered_display": "78", "missing_lines": 14, "excluded_lines": 0, "percent_statements_covered": 78.125, "percent_statements_covered_display": "78"}, "missing_lines": [87, 88, 130, 134, 135, 142, 143, 144, 148, 151, 162, 163, 165, 166], "excluded_lines": [], "start_line": 56}, "": {"executed_lines": [3, 4, 11, 16, 19, 32, 55, 56], "summary": {"covered_lines": 8, "num_statements": 8, "percent_covered": 100.0, "percent_covered_display": "100", "missing_lines": 0, "excluded_lines": 2, "percent_statements_covered": 100.0, "percent_statements_covered_display": "100"}, "missing_lines": [], "excluded_lines": [6, 7], "start_line": 1}}, "classes": {"PdfMediaExtractor": {"executed_lines": [72, 73, 74, 75, 80, 82, 83, 84, 86, 90, 91, 93, 94, 95, 97, 98, 99, 100, 101, 105, 106, 107, 108, 109, 110, 111, 112, 113, 114, 115, 116, 117, 118, 119, 120, 121, 126, 137, 140, 141, 146, 147, 153, 154, 161, 164, 168, 177, 178, 179], "summary": {"covered_lines": 50, "num_statements": 64, "percent_covered": 78.125, "percent_covered_display": "78", "missing_lines": 14, "excluded_lines": 0, "percent_statements_covered": 78.125, "percent_statements_covered_display": "78"}, "missing_lines": [87, 88, 130, 134, 135, 142, 143, 144, 148, 151, 162, 163, 165, 166], "excluded_lines": [], "start_line": 32}, "": {"executed_lines": [3, 4, 11, 16, 19, 32, 55, 56], "summary": {"covered_lines": 8, "num_statements": 8, "percent_covered": 100.0, "percent_covered_display": "100", "missing_lines": 0, "excluded_lines": 2, "percent_statements_covered": 100.0, "percent_statements_covered_display": "100"}, "missing_lines": [], "excluded_lines": [6, 7], "start_line": 1}}}, "src/processors/pdf_processor.py": {"executed_lines": [3, 4, 5, 6, 7, 8, 11, 14, 27, 28, 29, 30, 33, 37, 41, 42, 43, 46, 48, 49, 51, 52, 53, 54, 55, 56, 57, 58, 59, 61, 62, 64, 66, 69, 77, 84, 86, 94, 95, 97, 107, 108, 111, 114, 117, 119, 121, 131, 133, 143, 144, 146, 147, 148, 149, 150, 151, 152, 153, 154, 155, 156, 157, 158, 159, 162, 164, 165, 166, 168, 178, 179, 180], "summary": {"covered_lines": 73, "num_statements": 73, "percent_covered": 100.0, "percent_covered_display": "100", "missing_lines": 0, "excluded_lines": 0, "percent_statements_covered": 100.0, "percent_statements_covered_display": "100"}, "missing_lines": [], "excluded_lines": [], "functions": {"detect_numbered_content": {"executed_lines": [14, 27, 28, 29, 30], "summary": {"covered_lines": 5, "num_statements": 5, "percent_covered": 100.0, "percent_covered_display": "100", "missing_lines": 0, "excluded_lines": 0, "percent_statements_covered": 100.0, "percent_statements_covered_display": "100"}, "missing_lines": [], "excluded_lines": [], "start_line": 11}, "generate_process_text": {"executed_lines": [37, 41, 42, 43, 46, 48, 49, 51, 52, 53, 54, 55, 56, 57, 58, 59, 61, 62, 64, 66], "summary": {"covered_lines": 20, "num_statements": 20, "percent_covered": 100.0, "percent_covered_display": "100", "missing_lines": 0, "excluded_lines": 0, "percent_statements_covered": 100.0, "percent_statements_covered_display": "100"}, "missing_lines": [], "excluded_lines": [], "start_line": 33}, "PDFProcessor.__init__": {"executed_lines": [84, 86, 94, 95], "summary": {"covered_lines": 4, "num_statements": 4, "percent_covered": 100.0, "percent_covered_display": "100", "missing_lines": 0, "excluded_lines": 0, "percent_statements_covered": 100.0, "percent_statements_covered_display": "100"}, "missing_lines": [], "excluded_lines": [], "start_line": 77}, "PDFProcessor._clean_text": {"executed_lines": [107, 108, 111, 114, 117, 119], "summary": {"covered_lines": 6, "num_statements": 6, "percent_covered": 100.0, "percent_covered_display": "100", "missing_lines": 0, "excluded_lines": 0, "percent_statements_covered": 100.0, "percent_statements_covered_display": "100"}, "missing_lines": [], "excluded_lines": [], "start_line": 97}, "PDFProcessor.process_pdf": {"executed_lines": [131], "summary": {"covered_lines": 1, "num_statements": 1, "percent_covered": 100.0, "percent_covered_display": "100", "missing_lines": 0, "excluded_lines": 0, "percent_statements_covered": 100.0, "percent_statements_covered_display": "100"}, "missing_lines": [], "excluded_lines": [], "start_line": 121}, "PDFProcessor.parse_layout": {"executed_lines": [143, 144, 146, 147, 148, 149, 150, 151, 152, 153, 154, 155, 156, 157, 158, 159, 162, 164, 165, 166], "summary": {"covered_lines": 20, "num_statements": 20, "percent_covered": 100.0, "percent_covered_display": "100", "missing_lines": 0, "excluded_lines": 0, "percent_statements_covered": 100.0, "percent_statements_covered_display": "100"}, "missing_lines": [], "excluded_lines": [], "start_line": 133}, "PDFProcessor.process_page": {"executed_lines": [178, 179, 180], "summary": {"covered_lines": 3, "num_statements": 3, "percent_covered": 100.0, "percent_covered_display": "100", "missing_lines": 0, "excluded_lines": 0, "percent_statements_covered": 100.0, "percent_statements_covered_display": "100"}, "missing_lines": [], "excluded_lines": [], "start_line": 168}, "": {"executed_lines": [3, 4, 5, 6, 7, 8, 11, 33, 69, 77, 97, 121, 133, 168], "summary": {"covered_lines": 14, "num_statements": 14, "percent_covered": 100.0, "percent_covered_display": "100", "missing_lines": 0, "excluded_lines": 0, "percent_statements_covered": 100.0, "percent_statements_covered_display": "100"}, "missing_lines": [], "excluded_lines": [], "start_line": 1}}, "classes": {"PDFProcessor": {"executed_lines": [84, 86, 94, 95, 107, 108, 111, 114, 117, 119, 131, 143, 144, 146, 147, 148, 149, 150, 151, 152, 153, 154, 155, 156, 157, 158, 159, 162, 164, 165, 166, 178, 179, 180], "summary": {"covered_lines": 34, "num_statements": 34, "percent_covered": 100.0, "percent_covered_display": "100", "missing_lines": 0, "excluded_lines": 0, "percent_statements_covered": 100.0, "percent_statements_covered_display": "100"}, "missing_lines": [], "excluded_lines": [], "start_line": 69}, "": {"executed_lines": [3, 4, 5, 6, 7, 8, 11, 14, 27, 28, 29, 30, 33, 37, 41, 42, 43, 46, 48, 49, 51, 52, 53, 54, 55, 56, 57, 58, 59, 61, 62, 64, 66, 69, 77, 97, 121, 133, 168], "summary": {"covered_lines": 39, "num_statements": 39, "percent_covered": 100.0, "percent_covered_display": "100", "missing_lines": 0, "excluded_lines": 0, "percent_statements_covered": 100.0, "percent_statements_covered_display": "100"}, "missing_lines": [], "excluded_lines": [], "start_line": 1}}}, "src/processors/txt_processor.py": {"executed_lines": [3, 4, 6, 7, 10, 13, 15, 17, 18, 29, 30, 31, 33, 34, 35, 38, 39, 41, 42, 44, 45, 46], "summary": {"covered_lines": 22, "num_statements": 22, "percent_covered": 100.0, "percent_covered_display": "100", "missing_lines": 0, "excluded_lines": 0, "percent_statements_covered": 100.0, "percent_statements_covered_display": "100"}, "missing_lines": [], "excluded_lines": [], "functions": {"TxtProcessor.extract_raw_content": {"executed_lines": [15], "summary": {"covered_lines": 1, "num_statements": 1, "percent_covered": 100.0, "percent_covered_display": "100", "missing_lines": 0, "excluded_lines": 0, "percent_statements_covered": 100.0, "percent_statements_covered_display": "100"}, "missing_lines": [], "excluded_lines": [], "start_line": 13}, "TxtProcessor.process_txt_with_pages": {"executed_lines": [29, 30, 31, 33, 34, 35, 38, 39, 41, 42, 44, 45, 46], "summary": {"covered_lines": 13, "num_statements": 13, "percent_covered": 100.0, "percent_covered_display": "100", "missing_lines": 0, "excluded_lines": 0, "percent_statements_covered": 100.0, "percent_statements_covered_display": "100"}, "missing_lines": [], "excluded_lines": [], "start_line": 18}, "": {"executed_lines": [3, 4, 6, 7, 10, 13, 17, 18], "summary": {"covered_lines": 8, "num_statements": 8, "percent_covered": 100.0, "percent_covered_display": "100", "missing_lines": 0, "excluded_lines": 0, "percent_statements_covered": 100.0, "percent_statements_covered_display": "100"}, "missing_lines": [], "excluded_lines": [], "start_line": 1}}, "classes": {"TxtProcessor": {"executed_lines": [15, 29, 30, 31, 33, 34, 35, 38, 39, 41, 42, 44, 45, 46], "summary": {"covered_lines": 14, "num_statements": 14, "percent_covered": 100.0, "percent_covered_display": "100", "missing_lines": 0, "excluded_lines": 0, "percent_statements_covered": 100.0, "percent_statements_covered_display": "100"}, "missing_lines": [], "excluded_lines": [], "start_line": 10}, "": {"executed_lines": [3, 4, 6, 7, 10, 13, 17, 18], "summary": {"covered_lines": 8, "num_statements": 8, "percent_covered": 100.0, "percent_covered_display": "100", "missing_lines": 0, "excluded_lines": 0, "percent_statements_covered": 100.0, "percent_statements_covered_display": "100"}, "missing_lines": [], "excluded_lines": [], "start_line": 1}}}, "src/runtime/__init__.py": {"executed_lines": [3, 4, 6], "summary": {"covered_lines": 3, "num_statements": 3, "percent_covered": 100.0, "percent_covered_display": "100", "missing_lines": 0, "excluded_lines": 0, "percent_statements_covered": 100.0, "percent_statements_covered_display": "100"}, "missing_lines": [], "excluded_lines": [], "functions": {"": {"executed_lines": [3, 4, 6], "summary": {"covered_lines": 3, "num_statements": 3, "percent_covered": 100.0, "percent_covered_display": "100", "missing_lines": 0, "excluded_lines": 0, "percent_statements_covered": 100.0, "percent_statements_covered_display": "100"}, "missing_lines": [], "excluded_lines": [], "start_line": 1}}, "classes": {"": {"executed_lines": [3, 4, 6], "summary": {"covered_lines": 3, "num_statements": 3, "percent_covered": 100.0, "percent_covered_display": "100", "missing_lines": 0, "excluded_lines": 0, "percent_statements_covered": 100.0, "percent_statements_covered_display": "100"}, "missing_lines": [], "excluded_lines": [], "start_line": 1}}}, "src/runtime/command_runner.py": {"executed_lines": [10, 11, 12, 13, 14, 16, 17, 18, 19, 20, 21, 22, 33, 36, 62, 63, 65, 66, 67, 68, 69, 70, 71, 72, 73, 74, 75, 77, 78, 93, 94, 95, 96, 97, 98, 99, 100, 101, 102, 103, 104, 106, 107, 108, 109, 110, 111, 112, 113, 115, 116, 117, 118, 120, 121, 122, 124, 125, 126, 128, 129, 135, 136, 137, 138, 139, 140, 141, 143, 144, 148, 149, 150, 151, 152, 153, 154, 155, 156, 157, 158, 159, 160, 161, 162, 163, 164, 165, 167, 169, 170, 172, 173, 174, 175, 176, 178, 180, 182, 184, 185, 187, 188, 189, 191, 192, 195, 212, 213, 214, 215, 216, 220, 221, 222, 225, 226, 227, 231, 232, 236, 237, 238, 242, 243, 247, 248, 249, 253, 254, 258, 259, 264, 268, 269, 270, 271, 272, 273, 277, 278, 282, 283, 286, 287, 288, 289, 290, 294, 295, 297, 298, 300, 304, 307, 308, 309, 310, 311, 313, 314, 315, 316, 317, 318, 319, 326, 327, 328, 341, 342, 343, 344, 345, 346, 347, 348, 349, 350, 351, 353, 354, 355, 358, 359, 361, 363, 
[...]
 "num_statements": 7, "percent_covered": 100.0, "percent_covered_display": "100", "missing_lines": 0, "excluded_lines": 0, "percent_statements_covered": 100.0, "percent_statements_covered_display": "100"}, "missing_lines": [], "excluded_lines": [], "start_line": 563}, "TranslationService.translate_document": {"executed_lines": [579, 580, 581], "summary": {"covered_lines": 3, "num_statements": 3, "percent_covered": 100.0, "percent_covered_display": "100", "missing_lines": 0, "excluded_lines": 0, "percent_statements_covered": 100.0, "percent_statements_covered_display": "100"}, "missing_lines": [], "excluded_lines": [], "start_line": 572}, "TranslationService.translate_text_pages": {"executed_lines": [600, 601], "summary": {"covered_lines": 2, "num_statements": 2, "percent_covered": 100.0, "percent_covered_display": "100", "missing_lines": 0, "excluded_lines": 0, "percent_statements_covered": 100.0, "percent_statements_covered_display": "100"}, "missing_lines": [], "excluded_lines": [], "start_line": 594}, "": {"executed_lines": [3, 4, 5, 6, 7, 8, 9, 10, 11, 12, 13, 14, 16, 18, 23, 24, 25, 26, 27, 28, 29, 30, 31, 39, 42, 45, 60, 77, 97, 105, 134, 142, 143, 163, 232, 244, 245, 254, 355, 467, 468, 485, 486, 504, 562, 563, 572, 594], "summary": {"covered_lines": 48, "num_statements": 48, "percent_covered": 100.0, "percent_covered_display": "100", "missing_lines": 0, "excluded_lines": 0, "percent_statements_covered": 100.0, "percent_statements_covered_display": "100"}, "missing_lines": [], "excluded_lines": [], "start_line": 1}}, "classes": {"TranslationService": {"executed_lines": [46, 47, 49, 50, 51, 52, 54, 55, 57, 58, 63, 64, 65, 66, 67, 71, 72, 79, 80, 81, 82, 95, 102, 103, 107, 108, 109, 111, 112, 113, 114, 115, 116, 117, 118, 119, 120, 121, 122, 123, 124, 125, 126, 128, 138, 139, 140, 150, 151, 152, 153, 156, 157, 158, 159, 161, 169, 177, 178, 181, 184, 185, 186, 188, 190, 191, 193, 197, 199, 200, 202, 203, 206, 207, 208, 209, 211, 213, 214, 215, 216, 217, 218, 220, 221, 224, 225, 226, 228, 229, 230, 249, 250, 251, 252, 276, 277, 278, 279, 281, 282, 286, 288, 289, 294, 296, 297, 302, 303, 304, 305, 307, 308, 309, 310, 311, 312, 314, 315, 316, 318, 319, 320, 321, 322, 323, 324, 325, 326, 327, 328, 329, 330, 331, 332, 333, 334, 337, 338, 341, 342, 343, 344, 345, 346, 350, 353, 375, 376, 377, 389, 390, 391, 393, 394, 395, 399, 400, 402, 403, 405, 406, 417, 418, 419, 420, 422, 433, 435, 436, 439, 440, 441, 442, 450, 451, 452, 453, 461, 474, 475, 476, 477, 478, 479, 480, 481, 482, 483, 492, 493, 494, 495, 496, 498, 499, 500, 501, 502, 520, 521, 523, 525, 526, 530, 531, 533, 534, 535, 536, 538, 544, 548, 549, 550, 551, 553, 554, 558, 560, 564, 565, 566, 567, 568, 569, 570, 579, 580, 581, 600, 601], "summary": {"covered_lines": 232, "num_statements": 253, "percent_covered": 91.699604743083, "percent_covered_display": "92", "missing_lines": 21, "excluded_lines": 0, "percent_statements_covered": 91.699604743083, "percent_statements_covered_display": "92"}, "missing_lines": [170, 171, 172, 175, 238, 239, 240, 241, 242, 335, 336, 348, 423, 443, 447, 448, 454, 458, 459, 545, 546], "excluded_lines": [], "start_line": 42}, "": {"executed_lines": [3, 4, 5, 6, 7, 8, 9, 10, 11, 12, 13, 14, 16, 18, 23, 24, 25, 26, 27, 28, 29, 30, 31, 39, 42, 45, 60, 77, 97, 105, 134, 142, 143, 163, 232, 244, 245, 254, 355, 467, 468, 485, 486, 504, 562, 563, 572, 594], "summary": {"covered_lines": 48, "num_statements": 48, "percent_covered": 100.0, "percent_covered_display": "100", "missing_lines": 0, "excluded_lines": 0, "percent_statements_covered": 100.0, "percent_statements_covered_display": "100"}, "missing_lines": [], "excluded_lines": [], "start_line": 1}}}, "src/settings.py": {"executed_lines": [8, 9, 11, 12, 14, 15, 16, 24, 25, 26, 27, 30, 31, 32, 33, 34, 37, 38, 41, 42, 43, 44, 47, 48, 49, 52, 53, 54, 55, 58, 59, 60, 63, 66], "summary": {"covered_lines": 34, "num_statements": 36, "percent_covered": 94.44444444444444, "percent_covered_display": "94", "missing_lines": 2, "excluded_lines": 0, "percent_statements_covered": 94.44444444444444, "percent_statements_covered_display": "94"}, "missing_lines": [17, 18], "excluded_lines": [], "functions": {"": {"executed_lines": [8, 9, 11, 12, 14, 15, 16, 24, 25, 26, 27, 30, 31, 32, 33, 34, 37, 38, 41, 42, 43, 44, 47, 48, 49, 52, 53, 54, 55, 58, 59, 60, 63, 66], "summary": {"covered_lines": 34, "num_statements": 36, "percent_covered": 94.44444444444444, "percent_covered_display": "94", "missing_lines": 2, "excluded_lines": 0, "percent_statements_covered": 94.44444444444444, "percent_statements_covered_display": "94"}, "missing_lines": [17, 18], "excluded_lines": [], "start_line": 1}}, "classes": {"": {"executed_lines": [8, 9, 11, 12, 14, 15, 16, 24, 25, 26, 27, 30, 31, 32, 33, 34, 37, 38, 41, 42, 43, 44, 47, 48, 49, 52, 53, 54, 55, 58, 59, 60, 63, 66], "summary": {"covered_lines": 34, "num_statements": 36, "percent_covered": 94.44444444444444, "percent_covered_display": "94", "missing_lines": 2, "excluded_lines": 0, "percent_statements_covered": 94.44444444444444, "percent_statements_covered_display": "94"}, "missing_lines": [17, 18], "excluded_lines": [], "start_line": 1}}}, "src/tracking/__init__.py": {"executed_lines": [3, 5], "summary": {"covered_lines": 2, "num_statements": 2, "percent_covered": 100.0, "percent_covered_display": "100", "missing_lines": 0, "excluded_lines": 0, "percent_statements_covered": 100.0, "percent_statements_covered_display": "100"}, "missing_lines": [], "excluded_lines": [], "functions": {"": {"executed_lines": [3, 5], "summary": {"covered_lines": 2, "num_statements": 2, "percent_covered": 100.0, "percent_covered_display": "100", "missing_lines": 0, "excluded_lines": 0, "percent_statements_covered": 100.0, "percent_statements_covered_display": "100"}, "missing_lines": [], "excluded_lines": [], "start_line": 1}}, "classes": {"": {"executed_lines": [3, 5], "summary": {"covered_lines": 2, "num_statements": 2, "percent_covered": 100.0, "percent_covered_display": "100", "missing_lines": 0, "excluded_lines": 0, "percent_statements_covered": 100.0, "percent_statements_covered_display": "100"}, "missing_lines": [], "excluded_lines": [], "start_line": 1}}}, "src/tracking/token_tracker.py": {"executed_lines": [3, 4, 5, 6, 7, 8, 9, 11, 15, 16, 20, 21, 24, 26, 27, 28, 29, 32, 34, 35, 36, 37, 40, 42, 45, 46, 48, 49, 50, 51, 52, 53, 54, 55, 58, 59, 61, 62, 63, 64, 65, 67, 69, 70, 71, 72, 73, 75, 77, 78, 79, 80, 81, 83, 85, 88, 98, 107, 109, 110, 112, 114, 116, 118, 120, 126, 127, 128, 130, 131, 132, 134, 136, 144, 146, 147, 148, 149, 150, 151, 152, 154, 156, 157, 159, 160, 163, 164, 165, 166, 167, 168, 169, 170, 172, 174, 176, 177, 178, 180, 182, 184, 187, 188, 189, 190, 191, 192, 194, 197, 198, 199, 200, 201, 207, 222, 223, 224, 225, 226, 228, 230, 241, 243, 244, 245, 247, 248, 249, 250, 252, 253, 255, 257, 259, 260, 261, 263, 269, 270, 272, 273, 276, 277, 278, 279, 280, 282, 284, 286, 287, 289, 290, 291, 292, 293, 294, 295, 296, 298, 300, 302, 303, 305, 307, 308, 309, 310, 318, 328, 331, 332, 333, 334, 335, 336, 337, 338, 339, 341, 342, 343, 344, 345, 346, 347, 348, 350, 351, 352, 353, 354, 355, 357, 358, 359, 360, 361, 363, 364, 367, 369, 370, 371, 372, 373, 374, 376, 377, 378, 379, 380, 381, 384, 385, 386, 387, 388, 391, 392, 393, 394, 395, 397, 398, 399, 400, 403, 404, 405, 406, 407, 408, 409, 410, 411, 412, 413, 415, 417], "summary": {"covered_lines": 240, "num_statements": 240, "percent_covered": 100.0, "percent_covered_display": "100", "missing_lines": 0, "excluded_lines": 0, "percent_statements_covered": 100.0, "percent_statements_covered_display": "100"}, "missing_lines": [], "excluded_lines": [], "functions": {"get_usage_data_path": {"executed_lines": [26, 27, 28, 29], "summary": {"covered_lines": 4, "num_statements": 4, "percent_covered": 100.0, "percent_covered_display": "100", "missing_lines": 0, "excluded_lines": 0, "percent_statements_covered": 100.0, "percent_statements_covered_display": "100"}, "missing_lines": [], "excluded_lines": [], "start_line": 24}, "get_archive_dir": {"executed_lines": [34, 35, 36, 37], "summary": {"covered_lines": 4, "num_statements": 4, "percent_covered": 100.0, "percent_covered_display": "100", "missing_lines": 0, "excluded_lines": 0, "percent_statements_covered": 100.0, "percent_statements_covered_display": "100"}, "missing_lines": [], "excluded_lines": [], "start_line": 32}, "get_archive_path": {"executed_lines": [42], "summary": {"covered_lines": 1, "num_statements": 1, "percent_covered": 100.0, "percent_covered_display": "100", "missing_lines": 0, "excluded_lines": 0, "percent_statements_covered": 100.0, "percent_statements_covered_display": "100"}, "missing_lines": [], "excluded_lines": [], "start_line": 40}, "UsageStats.add_usage": {"executed_lines": [69, 70, 71, 72, 73], "summary": {"covered_lines": 5, "num_statements": 5, "percent_covered": 100.0, "percent_covered_display": "100", "missing_lines": 0, "excluded_lines": 0, "percent_statements_covered": 100.0, "percent_statements_covered_display": "100"}, "missing_lines": [], "excluded_lines": [], "start_line": 67}, "UsageStats.merge_dict": {"executed_lines": [77, 78, 79, 80, 81], "summary": {"covered_lines": 5, "num_statements": 5, "percent_covered": 100.0, "percent_covered_display": "100", "missing_lines": 0, "excluded_lines": 0, "percent_statements_covered": 100.0, "percent_statements_covered_display": "100"}, "missing_lines": [], "excluded_lines": [], "start_line": 75}, "UsageStats.to_dict": {"executed_lines": [85], "summary": {"covered_lines": 1, "num_statements": 1, "percent_covered": 100.0, "percent_covered_display": "100", "missing_lines": 0, "excluded_lines": 0, "percent_statements_covered": 100.0, "percent_statements_covered_display": "100"}, "missing_lines": [], "excluded_lines": [], "start_line": 83}, "TokenTracker.__init__": {"executed_lines": [107, 109, 110, 112, 114, 116, 118, 120], "summary": {"covered_lines": 8, "num_statements": 8, "percent_covered": 100.0, "percent_covered_display": "100", "missing_lines": 0, "excluded_lines": 0, "percent_statements_covered": 100.0, "percent_statements_covered_display": "100"}, "missing_lines": [], "excluded_lines": [], "start_line": 98}, "TokenTracker._get_current_date": {"executed_lines": [128], "summary": {"covered_lines": 1, "num_statements": 1, "percent_covered": 100.0, "percent_covered_display": "100", "missing_lines": 0, "excluded_lines": 0, "percent_statements_covered": 100.0, "percent_statements_covered_display": "100"}, "missing_lines": [], "excluded_lines": [], "start_line": 127}, "TokenTracker._get_current_month": {"executed_lines": [132], "summary": {"covered_lines": 1, "num_statements": 1, "percent_covered": 100.0, "percent_covered_display": "100", "missing_lines": 0, "excluded_lines": 0, "percent_statements_covered": 100.0, "percent_statements_covered_display": "100"}, "missing_lines": [], "excluded_lines": [], "start_line": 131}, "TokenTracker._empty_usage_data": {"executed_lines": [136], "summary": {"covered_lines": 1, "num_statements": 1, "percent_covered": 100.0, "percent_covered_display": "100", "missing_lines": 0, "excluded_lines": 0, "percent_statements_covered": 100.0, "percent_statements_covered_display": "100"}, "missing_lines": [], "excluded_lines": [], "start_line": 134}, "TokenTracker._archive_month": {"executed_lines": [146, 147, 148, 149, 150, 151, 152], "summary": {"covered_lines": 7, "num_statements": 7, "percent_covered": 100.0, "percent_covered_display": "100", "missing_lines": 0, "excluded_lines": 0, "percent_statements_covered": 100.0, "percent_statements_covered_display": "100"}, "missing_lines": [], "excluded_lines": [], "start_line": 144}, "TokenTracker._load_usage_data": {"executed_lines": [156, 157, 159, 160, 163, 164, 165, 166, 167, 168, 169, 170, 172], "summary": {"covered_lines": 13, "num_statements": 13, "percent_covered": 100.0, "percent_covered_display": "100", "missing_lines": 0, "excluded_lines": 0, "percent_statements_covered": 100.0, "percent_statements_covered_display": "100"}, "missing_lines": [], "excluded_lines": [], "start_line": 154}, "TokenTracker._save_usage_data_to": {"executed_lines": [176, 177, 178], "summary": {"covered_lines": 3, "num_statements": 3, "percent_covered": 100.0, "percent_covered_display": "100", "missing_lines": 0, "excluded_lines": 0, "percent_statements_covered": 100.0, "percent_statements_covered_display": "100"}, "missing_lines": [], "excluded_lines": [], "start_line": 174}, "TokenTracker._save_usage_data": {"executed_lines": [182], "summary": {"covered_lines": 1, "num_statements": 1, "percent_covered": 100.0, "percent_covered_display": "100", "missing_lines": 0, "excluded_lines": 0, "percent_statements_covered": 100.0, "percent_statements_covered_display": "100"}, "missing_lines": [], "excluded_lines": [], "start_line": 180}, "TokenTracker._update_stats": {"executed_lines": [187, 188, 189, 190, 191, 192], "summary": {"covered_lines": 6, "num_statements": 6, "percent_covered": 100.0, "percent_covered_display": "100", "missing_lines": 0, "excluded_lines": 0, "percent_statements_covered": 100.0, "percent_statements_covered_display": "100"}, "missing_lines": [], "excluded_lines": [], "start_line": 184}, "TokenTracker._calculate_costs": {"executed_lines": [197, 198, 199, 200, 201], "summary": {"covered_lines": 5, "num_statements": 5, "percent_covered": 100.0, "percent_covered_display": "100", "missing_lines": 0, "excluded_lines": 0, "percent_statements_covered": 100.0, "percent_statements_covered_display": "100"}, "missing_lines": [], "excluded_lines": [], "start_line": 194}, "TokenTracker.record_usage": {"executed_lines": [222, 223, 224, 225, 226, 228, 230, 241, 243, 244, 245, 247, 248, 249, 250, 252, 253, 255], "summary": {"covered_lines": 18, "num_statements": 18, "percent_covered": 100.0, "percent_covered_display": "100", "missing_lines": 0, "excluded_lines": 0, "percent_statements_covered": 100.0, "percent_statements_covered_display": "100"}, "missing_lines": [], "excluded_lines": [], "start_line": 207}, "TokenTracker.get_daily_usage": {"executed_lines": [259, 260, 261], "summary": {"covered_lines": 3, "num_statements": 3, "percent_covered": 100.0, "percent_covered_display": "100", "missing_lines": 0, "excluded_lines": 0, "percent_statements_covered": 100.0, "percent_statements_covered_display": "100"}, "missing_lines": [], "excluded_lines": [], "start_line": 257}, "TokenTracker.get_monthly_usage": {"executed_lines": [269, 270, 272, 273, 276, 277, 278, 279, 280, 282], "summary": {"covered_lines": 10, "num_statements": 10, "percent_covered": 100.0, "percent_covered_display": "100", "missing_lines": 0, "excluded_lines": 0, "percent_statements_covered": 100.0, "percent_statements_covered_display": "100"}, "missing_lines": [], "excluded_lines": [], "start_line": 263}, "TokenTracker.get_all_time_usage": {"executed_lines": [286, 287, 289, 290, 291, 292, 293, 294, 295, 296, 298], "summary": {"covered_lines": 11, "num_statements": 11, "percent_covered": 100.0, "percent_covered_display": "100", "missing_lines": 0, "excluded_lines": 0, "percent_statements_covered": 100.0, "percent_statements_covered_display": "100"}, "missing_lines": [], "excluded_lines": [], "start_line": 284}, "TokenTracker.list_archived_months": {"executed_lines": [302, 303], "summary": {"covered_lines": 2, "num_statements": 2, "percent_covered": 100.0, "percent_covered_display": "100", "missing_lines": 0, "excluded_lines": 0, "percent_statements_covered": 100.0, "percent_statements_covered_display": "100"}, "missing_lines": [], "excluded_lines": [], "start_line": 300}, "TokenTracker._get_monthly_budget_status": {"executed_lines": [307, 308, 309, 310], "summary": {"covered_lines": 4, "num_statements": 4, "percent_covered": 100.0, "percent_covered_display": "100", "missing_lines": 0, "excluded_lines": 0, "percent_statements_covered": 100.0, "percent_statements_covered_display": "100"}, "missing_lines": [], "excluded_lines": [], "start_line": 305}, "TokenTracker.print_usage_report": {"executed_lines": [328, 331, 332, 333, 334, 335, 336, 337, 338, 339, 341, 342, 343, 344, 345, 346, 347, 348, 350, 351, 352, 353, 354, 355, 357, 358, 359, 360, 361, 363, 364, 367, 369, 370, 371, 372, 373, 374, 376, 377, 378, 379, 380, 381, 384, 385, 386, 387, 388, 391, 392, 393, 394, 395, 397, 398, 399, 400, 403, 404, 405, 406, 407, 408, 409, 410, 411, 412, 413, 415, 417], "summary": {"covered_lines": 71, "num_statements": 71, "percent_covered": 100.0, "percent_covered_display": "100", "missing_lines": 0, "excluded_lines": 0, "percent_statements_covered": 100.0, "percent_statements_covered_display": "100"}, "missing_lines": [], "excluded_lines": [], "start_line": 318}, "": {"executed_lines": [3, 4, 5, 6, 7, 8, 9, 11, 15, 16, 20, 21, 24, 32, 40, 45, 46, 48, 49, 50, 51, 52, 53, 54, 55, 58, 59, 61, 62, 63, 64, 65, 67, 75, 83, 88, 98, 126, 127, 130, 131, 134, 144, 154, 174, 180, 184, 194, 207, 257, 263, 284, 300, 305, 318], "summary": {"covered_lines": 55, "num_statements": 55, "percent_covered": 100.0, "percent_covered_display": "100", "missing_lines": 0, "excluded_lines": 0, "percent_statements_covered": 100.0, "percent_statements_covered_display": "100"}, "missing_lines": [], "excluded_lines": [], "start_line": 1}}, "classes": {"TokenUsage": {"executed_lines": [], "summary": {"covered_lines": 0, "num_statements": 0, "percent_covered": 100.0, "percent_covered_display": "100", "missing_lines": 0, "excluded_lines": 0, "percent_statements_covered": 100.0, "percent_statements_covered_display": "100"}, "missing_lines": [], "excluded_lines": [], "start_line": 46}, "UsageStats": {"executed_lines": [69, 70, 71, 72, 73, 77, 78, 79, 80, 81, 85], "summary": {"covered_lines": 11, "num_statements": 11, "percent_covered": 100.0, "percent_covered_display": "100", "missing_lines": 0, "excluded_lines": 0, "percent_statements_covered": 100.0, "percent_statements_covered_display": "100"}, "missing_lines": [], "excluded_lines": [], "start_line": 59}, "TokenTracker": {"executed_lines": [107, 109, 110, 112, 114, 116, 118, 120, 128, 132, 136, 146, 147, 148, 149, 150, 151, 152, 156, 157, 159, 160, 163, 164, 165, 166, 167, 168, 169, 170, 172, 176, 177, 178, 182, 187, 188, 189, 190, 191, 192, 197, 198, 199, 200, 201, 222, 223, 224, 225, 226, 228, 230, 241, 243, 244, 245, 247, 248, 249, 250, 252, 253, 255, 259, 260, 261, 269, 270, 272, 273, 276, 277, 278, 279, 280, 282, 286, 287, 289, 290, 291, 292, 293, 294, 295, 296, 298, 302, 303, 307, 308, 309, 310, 328, 331, 332, 333, 334, 335, 336, 337, 338, 339, 341, 342, 343, 344, 345, 346, 347, 348, 350, 351, 352, 353, 354, 355, 357, 358, 359, 360, 361, 363, 364, 367, 369, 370, 371, 372, 373, 374, 376, 377, 378, 379, 380, 381, 384, 385, 386, 387, 388, 391, 392, 393, 394, 395, 397, 398, 399, 400, 403, 404, 405, 406, 407, 408, 409, 410, 411, 412, 413, 415, 417], "summary": {"covered_lines": 165, "num_statements": 165, "percent_covered": 100.0, "percent_covered_display": "100", "missing_lines": 0, "excluded_lines": 0, "percent_statements_covered": 100.0, "percent_statements_covered_display": "100"}, "missing_lines": [], "excluded_lines": [], "start_line": 88}, "": {"executed_lines": [3, 4, 5, 6, 7, 8, 9, 11, 15, 16, 20, 21, 24, 26, 27, 28, 29, 32, 34, 35, 36, 37, 40, 42, 45, 46, 48, 49, 50, 51, 52, 53, 54, 55, 58, 59, 61, 62, 63, 64, 65, 67, 75, 83, 88, 98, 126, 127, 130, 131, 134, 144, 154, 174, 180, 184, 194, 207, 257, 263, 284, 300, 305, 318], "summary": {"covered_lines": 64, "num_statements": 64, "percent_covered": 100.0, "percent_covered_display": "100", "missing_lines": 0, "excluded_lines": 0, "percent_statements_covered": 100.0, "percent_statements_covered_display": "100"}, "missing_lines": [], "excluded_lines": [], "start_line": 1}}}}, "totals": {"covered_lines": 3203, "num_statements": 3378, "percent_covered": 94.81941977501481, "percent_covered_display": "95", "missing_lines": 175, "excluded_lines": 31, "percent_statements_covered": 94.81941977501481, "percent_statements_covered_display": "95"}}